<html xmlns:math="http://exslt.org/math" xmlns:testng="http://testng.org">
   <head>
      <title>TestNG Results</title>
      <meta http-equiv="content-type" content="text/html; charset=utf-8"></meta>
      <meta http-equiv="pragma" content="no-cache"></meta>
      <meta http-equiv="cache-control" content="max-age=0"></meta>
      <meta http-equiv="cache-control" content="no-cache"></meta>
      <meta http-equiv="cache-control" content="no-store"></meta>
      <LINK rel="stylesheet" href="style.css"></LINK>
      <script type="text/javascript" src="main.js"></script>
   </head>
   <body>
      <table width="100%" style="font-size: 16px; margin-bottom: 10px;" cellspacing="1">
         <tr>
            <td width="100%">
               Test case
               
               <b>Test B1</b>
            </td>
            <td style="background-color: #FFBBBB; padding: 3px 3px 3px 0;" align="center">
               <div style="width: 50px;">1</div>
            </td>
            <td style="background-color: lightgreen; padding: 3px 3px 3px 0;" align="center">
               <div style="width: 50px;">0</div>
            </td>
            <td style="background-color: #FFFFBB; padding: 3px 3px 3px 0;" align="center">
               <div style="width: 50px;">3</div>
            </td>
            <td align="center" style="background-color: #eaf0f7; padding: 3px 3px 3px 0;">
               <div style="width: 50px;">4</div>
            </td>
            <td align="center"
                style="font-weight: bold; background-color: #eaf0f7; padding: 3px 3px 3px 0;">
               <div style="width: 50px;">0%</div>
            </td>
            <td style="background-color: #eaf0f7; padding: 3px 3px 3px 0;" align="center"
                nowrap="true">28s
               
            </td>
         </tr>
      </table>
      <div style="width: 200px;">
         <label for="groupMethodsCheckBox" style="font-weight: bold; margin: 0;">
            <input id="groupMethodsCheckBox" type="checkbox" onclick="switchTestMethodsView(this)"></input>
            Group by class
            
         </label>
         <br></br>
         <label for="methodsFilter_ALL" style="font-weight: bold; margin: 0;">
            <input id="methodsFilter_ALL" type="checkbox"
                   onclick="testMethodsFilterChanged(this, 'ALL')"></input>
            All
            
         </label>
      </div>
      <label for="methodsFilter_FAIL" style="margin-left: 20px;">
         <input id="methodsFilter_FAIL" type="checkbox"
                onclick="testMethodsFilterChanged(this, 'FAIL')"
                checked=""></input>
         Failed
         
      </label>
      <label for="methodsFilter_PASS">
         <input id="methodsFilter_PASS" type="checkbox"
                onclick="testMethodsFilterChanged(this, 'PASS')"
                checked=""></input>
         Passed
         
      </label>
      <label for="methodsFilter_SKIP">
         <input id="methodsFilter_SKIP" type="checkbox"
                onclick="testMethodsFilterChanged(this, 'SKIP')"
                checked=""></input>
         Skipped
         
      </label>
      <label for="methodsFilter_CONF">
         <input id="methodsFilter_CONF" type="checkbox"
                onclick="testMethodsFilterChanged(this, 'CONF')"></input>
         Config
         
      </label>
      <br></br>
      <div id="testMethodsByStatus">
         <table class="testMethodsTable" cellpadding="0" cellspacing="0">
            <tr class="methodsTableHeader">
               <td width="100%">Name</td>
               <td nowrap="true">Started</td>
               <td nowrap="true">Duration</td>
               <td>Exception</td>
            </tr>
            <tr id="com.qtpselenium.suiteB.Create_Appointment_testcaseB1_byStatus_failed_FAIL1_row"
                class="testMethodStatusFAIL">
               <td width="100%" class="firstMethodCell">
                  <a onclick="toggleDetailsVisibility('com.qtpselenium.suiteB.Create_Appointment_testcaseB1_byStatus_failed_FAIL1_details')">testcaseB1(Dummy Data_B1_1
                     
                     ,
                     
                     Dummy Data_B1_2
                     
                     ,
                     
                     Dummy Data_B1_3
                     
                     ,
                     
                     Dummy Data_B1_4)
                  </a>
               </td>
               <td nowrap="true">04:33:16</td>
               <td nowrap="true" align="right">28s
                  
               </td>
               <td nowrap="true">
                  <a onclick="toggleDetailsVisibility('com.qtpselenium.suiteB.Create_Appointment_testcaseB1_byStatus_failed_FAIL1_exception')">org.openqa.selenium.ElementNotVisibleException: 
                     element not visible
                     (Session info: chrome=51.0.2704.84)
                     (Driver info: chromedriver=2.14.313457 (3d645c400edf2e2c500566c9aa096063e707c9cf),platform=Windows NT 6.1 SP1 x86_64) (WARNING:
                     The server did not provide any stacktrace information)
                     Command duration or timeout: 5.55 seconds
                     Build info: version: '2.44.0', revision: '76d78cf', time: '2014-10-23 20:03:00'
                     System info: host: 'ATLANTISPC-274', ip: '10.210.16.37', os.name: 'Windows 7', os.arch: 'amd64', os.version: '6.1', java.version:
                     '1.7.0_79'
                     Session ID: 55ca99f0aec4108968a4e483e50870bc
                     Driver info: org.openqa.selenium.chrome.ChromeDriver
                     Capabilities [{platform=XP, acceptSslCerts=true, javascriptEnabled=true, browserName=chrome, chrome={userDataDir=C:\Users\aakarg\AppData\Local\Temp\scoped_dir2980_8788},
                     rotatable=false, locationContextEnabled=true, mobileEmulationEnabled=false, version=51.0.2704.84, takesHeapSnapshot=true,
                     cssSelectorsEnabled=true, databaseEnabled=false, handlesAlerts=true, browserConnectionEnabled=false, webStorageEnabled=true,
                     nativeEvents=true, applicationCacheEnabled=false, takesScreenshot=true}]
                     
                  </a>
                   
                  
               </td>
            </tr>
            <tr>
               <td colspan="4" class="detailsBox">
                  <div id="com.qtpselenium.suiteB.Create_Appointment_testcaseB1_byStatus_failed_FAIL1_details"
                       class="testMethodDetails">
                     <div>
                        <b>Name: </b>testcaseB1
                     </div>
                     <div>
                        <b>Signature: </b>testcaseB1(java.lang.String, java.lang.String, java.lang.String, java.lang.String)[pri:0, instance:com.qtpselenium.suiteB.Create_Appointment@32932bc1]
                     </div>
                     <div>
                        <b>Parameters: </b>
                        
                        Dummy Data_B1_1
                        
                        ,
                        
                        Dummy Data_B1_2
                        
                        ,
                        
                        Dummy Data_B1_3
                        
                        ,
                        
                        Dummy Data_B1_4
                        
                        
                     </div>
                     <div>
                        <b>Start time: </b>04:33:16
                     </div>
                     <div>
                        <b>End time: </b>04:33:44
                     </div>
                     <div>
                        <b>Duration: </b>28s
                        
                     </div>
                  </div>
               </td>
            </tr>
            <tr>
               <td colspan="4" class="detailsBox">
                  <div id="com.qtpselenium.suiteB.Create_Appointment_testcaseB1_byStatus_failed_FAIL1_exception"
                       class="testMethodDetails">
                     <pre style="padding: 5px; margin: 0;">org.openqa.selenium.ElementNotVisibleException: element not visible
                        (Session info: chrome=51.0.2704.84)
                        (Driver info: chromedriver=2.14.313457 (3d645c400edf2e2c500566c9aa096063e707c9cf),platform=Windows NT 6.1 SP1 x86_64) (WARNING:
                        The server did not provide any stacktrace information)
                        Command duration or timeout: 5.55 seconds
                        Build info: version: '2.44.0', revision: '76d78cf', time: '2014-10-23 20:03:00'
                        System info: host: 'ATLANTISPC-274', ip: '10.210.16.37', os.name: 'Windows 7', os.arch: 'amd64', os.version: '6.1', java.version:
                        '1.7.0_79'
                        Session ID: 55ca99f0aec4108968a4e483e50870bc
                        Driver info: org.openqa.selenium.chrome.ChromeDriver
                        Capabilities [{platform=XP, acceptSslCerts=true, javascriptEnabled=true, browserName=chrome, chrome={userDataDir=C:\Users\aakarg\AppData\Local\Temp\scoped_dir2980_8788},
                        rotatable=false, locationContextEnabled=true, mobileEmulationEnabled=false, version=51.0.2704.84, takesHeapSnapshot=true,
                        cssSelectorsEnabled=true, databaseEnabled=false, handlesAlerts=true, browserConnectionEnabled=false, webStorageEnabled=true,
                        nativeEvents=true, applicationCacheEnabled=false, takesScreenshot=true}]
                        	at sun.reflect.NativeConstructorAccessorImpl.newInstance0(Native Method)
                        	at sun.reflect.NativeConstructorAccessorImpl.newInstance(NativeConstructorAccessorImpl.java:57)
                        	at sun.reflect.DelegatingConstructorAccessorImpl.newInstance(DelegatingConstructorAccessorImpl.java:45)
                        	at java.lang.reflect.Constructor.newInstance(Constructor.java:526)
                        	at org.openqa.selenium.remote.ErrorHandler.createThrowable(ErrorHandler.java:204)
                        	at org.openqa.selenium.remote.ErrorHandler.throwIfResponseFailed(ErrorHandler.java:156)
                        	at org.openqa.selenium.remote.RemoteWebDriver.execute(RemoteWebDriver.java:599)
                        	at org.openqa.selenium.remote.RemoteWebElement.execute(RemoteWebElement.java:268)
                        	at org.openqa.selenium.remote.RemoteWebElement.sendKeys(RemoteWebElement.java:89)
                        	at com.qtpselenium.base.TestBase.login(TestBase.java:183)
                        	at com.qtpselenium.suiteB.Create_Appointment.testcaseB1(Create_Appointment.java:56)
                        	at sun.reflect.NativeMethodAccessorImpl.invoke0(Native Method)
                        	at sun.reflect.NativeMethodAccessorImpl.invoke(NativeMethodAccessorImpl.java:57)
                        	at sun.reflect.DelegatingMethodAccessorImpl.invoke(DelegatingMethodAccessorImpl.java:43)
                        	at java.lang.reflect.Method.invoke(Method.java:606)
                        	at org.testng.internal.MethodInvocationHelper.invokeMethod(MethodInvocationHelper.java:84)
                        	at org.testng.internal.Invoker.invokeMethod(Invoker.java:714)
                        	at org.testng.internal.Invoker.invokeTestMethod(Invoker.java:901)
                        	at org.testng.internal.Invoker.invokeTestMethods(Invoker.java:1231)
                        	at org.testng.internal.TestMethodWorker.invokeTestMethods(TestMethodWorker.java:127)
                        	at org.testng.internal.TestMethodWorker.run(TestMethodWorker.java:111)
                        	at org.testng.TestRunner.privateRun(TestRunner.java:767)
                        	at org.testng.TestRunner.run(TestRunner.java:617)
                        	at org.testng.SuiteRunner.runTest(SuiteRunner.java:334)
                        	at org.testng.SuiteRunner.runSequentially(SuiteRunner.java:329)
                        	at org.testng.SuiteRunner.privateRun(SuiteRunner.java:291)
                        	at org.testng.SuiteRunner.run(SuiteRunner.java:240)
                        	at org.testng.SuiteRunnerWorker.runSuite(SuiteRunnerWorker.java:52)
                        	at org.testng.SuiteRunnerWorker.run(SuiteRunnerWorker.java:86)
                        	at org.testng.TestNG.runSuitesSequentially(TestNG.java:1224)
                        	at org.testng.TestNG.runSuitesSequentially(TestNG.java:1220)
                        	at org.testng.TestNG.runSuitesLocally(TestNG.java:1149)
                        	at org.testng.TestNG.run(TestNG.java:1057)
                        	at org.testng.TestNG.privateMain(TestNG.java:1364)
                        	at org.testng.TestNG.main(TestNG.java:1333)
                     </pre>
                  </div>
               </td>
            </tr>
            <tr id="com.qtpselenium.suiteB.Create_Appointment_checkTestSkip_byStatus_passed_PASS1_row"
                class="testMethodStatusPASS testMethodStatusCONF">
               <td width="100%" class="firstMethodCell">
                  <a onclick="toggleDetailsVisibility('com.qtpselenium.suiteB.Create_Appointment_checkTestSkip_byStatus_passed_PASS1_details')">checkTestSkip()</a>
               </td>
               <td nowrap="true">04:33:16</td>
               <td nowrap="true" align="right">0 ms
                  
               </td>
               <td nowrap="true">
                   
                  
               </td>
            </tr>
            <tr>
               <td colspan="4" class="detailsBox">
                  <div id="com.qtpselenium.suiteB.Create_Appointment_checkTestSkip_byStatus_passed_PASS1_details"
                       class="testMethodDetails">
                     <div>
                        <b>Name: </b>checkTestSkip
                     </div>
                     <div>
                        <b>Signature: </b>checkTestSkip()[pri:0, instance:com.qtpselenium.suiteB.Create_Appointment@32932bc1]
                     </div>
                     <div>
                        <b>Start time: </b>04:33:16
                     </div>
                     <div>
                        <b>End time: </b>04:33:16
                     </div>
                     <div>
                        <b>Duration: </b>0 ms
                        
                     </div>
                  </div>
               </td>
            </tr>
            <tr></tr>
            <tr id="com.qtpselenium.suiteB.Create_Appointment_reportDataSetResult_byStatus_passed_PASS2_row"
                class="testMethodStatusPASS testMethodStatusCONF">
               <td width="100%" class="firstMethodCell">
                  <a onclick="toggleDetailsVisibility('com.qtpselenium.suiteB.Create_Appointment_reportDataSetResult_byStatus_passed_PASS2_details')">reportDataSetResult()</a>
               </td>
               <td nowrap="true">04:33:44</td>
               <td nowrap="true" align="right">23 ms
                  
               </td>
               <td nowrap="true">
                   
                  
               </td>
            </tr>
            <tr>
               <td colspan="4" class="detailsBox">
                  <div id="com.qtpselenium.suiteB.Create_Appointment_reportDataSetResult_byStatus_passed_PASS2_details"
                       class="testMethodDetails">
                     <div>
                        <b>Name: </b>reportDataSetResult
                     </div>
                     <div>
                        <b>Signature: </b>reportDataSetResult()[pri:0, instance:com.qtpselenium.suiteB.Create_Appointment@32932bc1]
                     </div>
                     <div>
                        <b>Start time: </b>04:33:44
                     </div>
                     <div>
                        <b>End time: </b>04:33:45
                     </div>
                     <div>
                        <b>Duration: </b>23 ms
                        
                     </div>
                  </div>
               </td>
            </tr>
            <tr></tr>
            <tr id="com.qtpselenium.suiteB.Create_Appointment_reportDataSetResult_byStatus_passed_PASS3_row"
                class="testMethodStatusPASS testMethodStatusCONF">
               <td width="100%" class="firstMethodCell">
                  <a onclick="toggleDetailsVisibility('com.qtpselenium.suiteB.Create_Appointment_reportDataSetResult_byStatus_passed_PASS3_details')">reportDataSetResult()</a>
               </td>
               <td nowrap="true">04:33:45</td>
               <td nowrap="true" align="right">25 ms
                  
               </td>
               <td nowrap="true">
                   
                  
               </td>
            </tr>
            <tr>
               <td colspan="4" class="detailsBox">
                  <div id="com.qtpselenium.suiteB.Create_Appointment_reportDataSetResult_byStatus_passed_PASS3_details"
                       class="testMethodDetails">
                     <div>
                        <b>Name: </b>reportDataSetResult
                     </div>
                     <div>
                        <b>Signature: </b>reportDataSetResult()[pri:0, instance:com.qtpselenium.suiteB.Create_Appointment@32932bc1]
                     </div>
                     <div>
                        <b>Start time: </b>04:33:45
                     </div>
                     <div>
                        <b>End time: </b>04:33:45
                     </div>
                     <div>
                        <b>Duration: </b>25 ms
                        
                     </div>
                  </div>
               </td>
            </tr>
            <tr></tr>
            <tr id="com.qtpselenium.suiteB.Create_Appointment_reportDataSetResult_byStatus_passed_PASS4_row"
                class="testMethodStatusPASS testMethodStatusCONF">
               <td width="100%" class="firstMethodCell">
                  <a onclick="toggleDetailsVisibility('com.qtpselenium.suiteB.Create_Appointment_reportDataSetResult_byStatus_passed_PASS4_details')">reportDataSetResult()</a>
               </td>
               <td nowrap="true">04:33:45</td>
               <td nowrap="true" align="right">20 ms
                  
               </td>
               <td nowrap="true">
                   
                  
               </td>
            </tr>
            <tr>
               <td colspan="4" class="detailsBox">
                  <div id="com.qtpselenium.suiteB.Create_Appointment_reportDataSetResult_byStatus_passed_PASS4_details"
                       class="testMethodDetails">
                     <div>
                        <b>Name: </b>reportDataSetResult
                     </div>
                     <div>
                        <b>Signature: </b>reportDataSetResult()[pri:0, instance:com.qtpselenium.suiteB.Create_Appointment@32932bc1]
                     </div>
                     <div>
                        <b>Start time: </b>04:33:45
                     </div>
                     <div>
                        <b>End time: </b>04:33:45
                     </div>
                     <div>
                        <b>Duration: </b>20 ms
                        
                     </div>
                  </div>
               </td>
            </tr>
            <tr></tr>
            <tr id="com.qtpselenium.suiteB.Create_Appointment_reportDataSetResult_byStatus_passed_PASS5_row"
                class="testMethodStatusPASS testMethodStatusCONF">
               <td width="100%" class="firstMethodCell">
                  <a onclick="toggleDetailsVisibility('com.qtpselenium.suiteB.Create_Appointment_reportDataSetResult_byStatus_passed_PASS5_details')">reportDataSetResult()</a>
               </td>
               <td nowrap="true">04:33:45</td>
               <td nowrap="true" align="right">26 ms
                  
               </td>
               <td nowrap="true">
                   
                  
               </td>
            </tr>
            <tr>
               <td colspan="4" class="detailsBox">
                  <div id="com.qtpselenium.suiteB.Create_Appointment_reportDataSetResult_byStatus_passed_PASS5_details"
                       class="testMethodDetails">
                     <div>
                        <b>Name: </b>reportDataSetResult
                     </div>
                     <div>
                        <b>Signature: </b>reportDataSetResult()[pri:0, instance:com.qtpselenium.suiteB.Create_Appointment@32932bc1]
                     </div>
                     <div>
                        <b>Start time: </b>04:33:45
                     </div>
                     <div>
                        <b>End time: </b>04:33:45
                     </div>
                     <div>
                        <b>Duration: </b>26 ms
                        
                     </div>
                  </div>
               </td>
            </tr>
            <tr></tr>
            <tr id="com.qtpselenium.suiteB.Create_Appointment_reportTestResult_byStatus_passed_PASS6_row"
                class="testMethodStatusPASS testMethodStatusCONF">
               <td width="100%" class="firstMethodCell">
                  <a onclick="toggleDetailsVisibility('com.qtpselenium.suiteB.Create_Appointment_reportTestResult_byStatus_passed_PASS6_details')">reportTestResult()</a>
               </td>
               <td nowrap="true">04:33:45</td>
               <td nowrap="true" align="right">23 ms
                  
               </td>
               <td nowrap="true">
                   
                  
               </td>
            </tr>
            <tr>
               <td colspan="4" class="detailsBox">
                  <div id="com.qtpselenium.suiteB.Create_Appointment_reportTestResult_byStatus_passed_PASS6_details"
                       class="testMethodDetails">
                     <div>
                        <b>Name: </b>reportTestResult
                     </div>
                     <div>
                        <b>Signature: </b>reportTestResult()[pri:0, instance:com.qtpselenium.suiteB.Create_Appointment@32932bc1]
                     </div>
                     <div>
                        <b>Start time: </b>04:33:45
                     </div>
                     <div>
                        <b>End time: </b>04:33:45
                     </div>
                     <div>
                        <b>Duration: </b>23 ms
                        
                     </div>
                  </div>
               </td>
            </tr>
            <tr></tr>
            <tr id="com.qtpselenium.suiteB.Create_Appointment_testcaseB1_byStatus_skiped_SKIP1_row"
                class="testMethodStatusSKIP">
               <td width="100%" class="firstMethodCell">
                  <a onclick="toggleDetailsVisibility('com.qtpselenium.suiteB.Create_Appointment_testcaseB1_byStatus_skiped_SKIP1_details')">testcaseB1(Dummy Data_B1_5
                     
                     ,
                     
                     Dummy Data_B1_6
                     
                     ,
                     
                     Dummy Data_B1_7
                     
                     ,
                     
                     Dummy Data_B1_8)
                  </a>
               </td>
               <td nowrap="true">04:33:45</td>
               <td nowrap="true" align="right">0 ms
                  
               </td>
               <td nowrap="true">
                  <a onclick="toggleDetailsVisibility('com.qtpselenium.suiteB.Create_Appointment_testcaseB1_byStatus_skiped_SKIP1_exception')">org.testng.SkipException: 
                     Runmode for test set data set to no 1
                     
                  </a>
                   
                  
               </td>
            </tr>
            <tr>
               <td colspan="4" class="detailsBox">
                  <div id="com.qtpselenium.suiteB.Create_Appointment_testcaseB1_byStatus_skiped_SKIP1_details"
                       class="testMethodDetails">
                     <div>
                        <b>Name: </b>testcaseB1
                     </div>
                     <div>
                        <b>Signature: </b>testcaseB1(java.lang.String, java.lang.String, java.lang.String, java.lang.String)[pri:0, instance:com.qtpselenium.suiteB.Create_Appointment@32932bc1]
                     </div>
                     <div>
                        <b>Parameters: </b>
                        
                        Dummy Data_B1_5
                        
                        ,
                        
                        Dummy Data_B1_6
                        
                        ,
                        
                        Dummy Data_B1_7
                        
                        ,
                        
                        Dummy Data_B1_8
                        
                        
                     </div>
                     <div>
                        <b>Start time: </b>04:33:45
                     </div>
                     <div>
                        <b>End time: </b>04:33:45
                     </div>
                     <div>
                        <b>Duration: </b>0 ms
                        
                     </div>
                  </div>
               </td>
            </tr>
            <tr>
               <td colspan="4" class="detailsBox">
                  <div id="com.qtpselenium.suiteB.Create_Appointment_testcaseB1_byStatus_skiped_SKIP1_exception"
                       class="testMethodDetails">
                     <pre style="padding: 5px; margin: 0;">org.testng.SkipException: Runmode for test set data set to no 1
                        	at com.qtpselenium.suiteB.Create_Appointment.testcaseB1(Create_Appointment.java:47)
                        	at sun.reflect.NativeMethodAccessorImpl.invoke0(Native Method)
                        	at sun.reflect.NativeMethodAccessorImpl.invoke(NativeMethodAccessorImpl.java:57)
                        	at sun.reflect.DelegatingMethodAccessorImpl.invoke(DelegatingMethodAccessorImpl.java:43)
                        	at java.lang.reflect.Method.invoke(Method.java:606)
                        	at org.testng.internal.MethodInvocationHelper.invokeMethod(MethodInvocationHelper.java:84)
                        	at org.testng.internal.Invoker.invokeMethod(Invoker.java:714)
                        	at org.testng.internal.Invoker.invokeTestMethod(Invoker.java:901)
                        	at org.testng.internal.Invoker.invokeTestMethods(Invoker.java:1231)
                        	at org.testng.internal.TestMethodWorker.invokeTestMethods(TestMethodWorker.java:127)
                        	at org.testng.internal.TestMethodWorker.run(TestMethodWorker.java:111)
                        	at org.testng.TestRunner.privateRun(TestRunner.java:767)
                        	at org.testng.TestRunner.run(TestRunner.java:617)
                        	at org.testng.SuiteRunner.runTest(SuiteRunner.java:334)
                        	at org.testng.SuiteRunner.runSequentially(SuiteRunner.java:329)
                        	at org.testng.SuiteRunner.privateRun(SuiteRunner.java:291)
                        	at org.testng.SuiteRunner.run(SuiteRunner.java:240)
                        	at org.testng.SuiteRunnerWorker.runSuite(SuiteRunnerWorker.java:52)
                        	at org.testng.SuiteRunnerWorker.run(SuiteRunnerWorker.java:86)
                        	at org.testng.TestNG.runSuitesSequentially(TestNG.java:1224)
                        	at org.testng.TestNG.runSuitesSequentially(TestNG.java:1220)
                        	at org.testng.TestNG.runSuitesLocally(TestNG.java:1149)
                        	at org.testng.TestNG.run(TestNG.java:1057)
                        	at org.testng.TestNG.privateMain(TestNG.java:1364)
                        	at org.testng.TestNG.main(TestNG.java:1333)
                     </pre>
                  </div>
               </td>
            </tr>
            <tr id="com.qtpselenium.suiteB.Create_Appointment_testcaseB1_byStatus_skiped_SKIP2_row"
                class="testMethodStatusSKIP">
               <td width="100%" class="firstMethodCell">
                  <a onclick="toggleDetailsVisibility('com.qtpselenium.suiteB.Create_Appointment_testcaseB1_byStatus_skiped_SKIP2_details')">testcaseB1(Dummy Data_B1_9
                     
                     ,
                     
                     Dummy Data_B1_10
                     
                     ,
                     
                     Dummy Data_B1_11
                     
                     ,
                     
                     Dummy Data_B1_12)
                  </a>
               </td>
               <td nowrap="true">04:33:45</td>
               <td nowrap="true" align="right">1 ms
                  
               </td>
               <td nowrap="true">
                  <a onclick="toggleDetailsVisibility('com.qtpselenium.suiteB.Create_Appointment_testcaseB1_byStatus_skiped_SKIP2_exception')">org.testng.SkipException: 
                     Runmode for test set data set to no 2
                     
                  </a>
                   
                  
               </td>
            </tr>
            <tr>
               <td colspan="4" class="detailsBox">
                  <div id="com.qtpselenium.suiteB.Create_Appointment_testcaseB1_byStatus_skiped_SKIP2_details"
                       class="testMethodDetails">
                     <div>
                        <b>Name: </b>testcaseB1
                     </div>
                     <div>
                        <b>Signature: </b>testcaseB1(java.lang.String, java.lang.String, java.lang.String, java.lang.String)[pri:0, instance:com.qtpselenium.suiteB.Create_Appointment@32932bc1]
                     </div>
                     <div>
                        <b>Parameters: </b>
                        
                        Dummy Data_B1_9
                        
                        ,
                        
                        Dummy Data_B1_10
                        
                        ,
                        
                        Dummy Data_B1_11
                        
                        ,
                        
                        Dummy Data_B1_12
                        
                        
                     </div>
                     <div>
                        <b>Start time: </b>04:33:45
                     </div>
                     <div>
                        <b>End time: </b>04:33:45
                     </div>
                     <div>
                        <b>Duration: </b>1 ms
                        
                     </div>
                  </div>
               </td>
            </tr>
            <tr>
               <td colspan="4" class="detailsBox">
                  <div id="com.qtpselenium.suiteB.Create_Appointment_testcaseB1_byStatus_skiped_SKIP2_exception"
                       class="testMethodDetails">
                     <pre style="padding: 5px; margin: 0;">org.testng.SkipException: Runmode for test set data set to no 2
                        	at com.qtpselenium.suiteB.Create_Appointment.testcaseB1(Create_Appointment.java:47)
                        	at sun.reflect.NativeMethodAccessorImpl.invoke0(Native Method)
                        	at sun.reflect.NativeMethodAccessorImpl.invoke(NativeMethodAccessorImpl.java:57)
                        	at sun.reflect.DelegatingMethodAccessorImpl.invoke(DelegatingMethodAccessorImpl.java:43)
                        	at java.lang.reflect.Method.invoke(Method.java:606)
                        	at org.testng.internal.MethodInvocationHelper.invokeMethod(MethodInvocationHelper.java:84)
                        	at org.testng.internal.Invoker.invokeMethod(Invoker.java:714)
                        	at org.testng.internal.Invoker.invokeTestMethod(Invoker.java:901)
                        	at org.testng.internal.Invoker.invokeTestMethods(Invoker.java:1231)
                        	at org.testng.internal.TestMethodWorker.invokeTestMethods(TestMethodWorker.java:127)
                        	at org.testng.internal.TestMethodWorker.run(TestMethodWorker.java:111)
                        	at org.testng.TestRunner.privateRun(TestRunner.java:767)
                        	at org.testng.TestRunner.run(TestRunner.java:617)
                        	at org.testng.SuiteRunner.runTest(SuiteRunner.java:334)
                        	at org.testng.SuiteRunner.runSequentially(SuiteRunner.java:329)
                        	at org.testng.SuiteRunner.privateRun(SuiteRunner.java:291)
                        	at org.testng.SuiteRunner.run(SuiteRunner.java:240)
                        	at org.testng.SuiteRunnerWorker.runSuite(SuiteRunnerWorker.java:52)
                        	at org.testng.SuiteRunnerWorker.run(SuiteRunnerWorker.java:86)
                        	at org.testng.TestNG.runSuitesSequentially(TestNG.java:1224)
                        	at org.testng.TestNG.runSuitesSequentially(TestNG.java:1220)
                        	at org.testng.TestNG.runSuitesLocally(TestNG.java:1149)
                        	at org.testng.TestNG.run(TestNG.java:1057)
                        	at org.testng.TestNG.privateMain(TestNG.java:1364)
                        	at org.testng.TestNG.main(TestNG.java:1333)
                     </pre>
                  </div>
               </td>
            </tr>
            <tr id="com.qtpselenium.suiteB.Create_Appointment_testcaseB1_byStatus_skiped_SKIP3_row"
                class="testMethodStatusSKIP">
               <td width="100%" class="firstMethodCell">
                  <a onclick="toggleDetailsVisibility('com.qtpselenium.suiteB.Create_Appointment_testcaseB1_byStatus_skiped_SKIP3_details')">testcaseB1(Dummy Data_B1_13
                     
                     ,
                     
                     Dummy Data_B1_14
                     
                     ,
                     
                     Dummy Data_B1_15
                     
                     ,
                     
                     Dummy Data_B1_16)
                  </a>
               </td>
               <td nowrap="true">04:33:45</td>
               <td nowrap="true" align="right">0 ms
                  
               </td>
               <td nowrap="true">
                  <a onclick="toggleDetailsVisibility('com.qtpselenium.suiteB.Create_Appointment_testcaseB1_byStatus_skiped_SKIP3_exception')">org.testng.SkipException: 
                     Runmode for test set data set to no 3
                     
                  </a>
                   
                  
               </td>
            </tr>
            <tr>
               <td colspan="4" class="detailsBox">
                  <div id="com.qtpselenium.suiteB.Create_Appointment_testcaseB1_byStatus_skiped_SKIP3_details"
                       class="testMethodDetails">
                     <div>
                        <b>Name: </b>testcaseB1
                     </div>
                     <div>
                        <b>Signature: </b>testcaseB1(java.lang.String, java.lang.String, java.lang.String, java.lang.String)[pri:0, instance:com.qtpselenium.suiteB.Create_Appointment@32932bc1]
                     </div>
                     <div>
                        <b>Parameters: </b>
                        
                        Dummy Data_B1_13
                        
                        ,
                        
                        Dummy Data_B1_14
                        
                        ,
                        
                        Dummy Data_B1_15
                        
                        ,
                        
                        Dummy Data_B1_16
                        
                        
                     </div>
                     <div>
                        <b>Start time: </b>04:33:45
                     </div>
                     <div>
                        <b>End time: </b>04:33:45
                     </div>
                     <div>
                        <b>Duration: </b>0 ms
                        
                     </div>
                  </div>
               </td>
            </tr>
            <tr>
               <td colspan="4" class="detailsBox">
                  <div id="com.qtpselenium.suiteB.Create_Appointment_testcaseB1_byStatus_skiped_SKIP3_exception"
                       class="testMethodDetails">
                     <pre style="padding: 5px; margin: 0;">org.testng.SkipException: Runmode for test set data set to no 3
                        	at com.qtpselenium.suiteB.Create_Appointment.testcaseB1(Create_Appointment.java:47)
                        	at sun.reflect.NativeMethodAccessorImpl.invoke0(Native Method)
                        	at sun.reflect.NativeMethodAccessorImpl.invoke(NativeMethodAccessorImpl.java:57)
                        	at sun.reflect.DelegatingMethodAccessorImpl.invoke(DelegatingMethodAccessorImpl.java:43)
                        	at java.lang.reflect.Method.invoke(Method.java:606)
                        	at org.testng.internal.MethodInvocationHelper.invokeMethod(MethodInvocationHelper.java:84)
                        	at org.testng.internal.Invoker.invokeMethod(Invoker.java:714)
                        	at org.testng.internal.Invoker.invokeTestMethod(Invoker.java:901)
                        	at org.testng.internal.Invoker.invokeTestMethods(Invoker.java:1231)
                        	at org.testng.internal.TestMethodWorker.invokeTestMethods(TestMethodWorker.java:127)
                        	at org.testng.internal.TestMethodWorker.run(TestMethodWorker.java:111)
                        	at org.testng.TestRunner.privateRun(TestRunner.java:767)
                        	at org.testng.TestRunner.run(TestRunner.java:617)
                        	at org.testng.SuiteRunner.runTest(SuiteRunner.java:334)
                        	at org.testng.SuiteRunner.runSequentially(SuiteRunner.java:329)
                        	at org.testng.SuiteRunner.privateRun(SuiteRunner.java:291)
                        	at org.testng.SuiteRunner.run(SuiteRunner.java:240)
                        	at org.testng.SuiteRunnerWorker.runSuite(SuiteRunnerWorker.java:52)
                        	at org.testng.SuiteRunnerWorker.run(SuiteRunnerWorker.java:86)
                        	at org.testng.TestNG.runSuitesSequentially(TestNG.java:1224)
                        	at org.testng.TestNG.runSuitesSequentially(TestNG.java:1220)
                        	at org.testng.TestNG.runSuitesLocally(TestNG.java:1149)
                        	at org.testng.TestNG.run(TestNG.java:1057)
                        	at org.testng.TestNG.privateMain(TestNG.java:1364)
                        	at org.testng.TestNG.main(TestNG.java:1333)
                     </pre>
                  </div>
               </td>
            </tr>
         </table>
      </div>
      <div id="testMethodsByClass" style="display: none;">
         <table class="testMethodsTable" cellpadding="0" cellspacing="0">
            <tr>
               <td colspan="4">
                  <h3 style="display: inline;">com.qtpselenium.suiteB.Create_Appointment</h3>
               </td>
            </tr>
            <tr class="methodsTableHeader">
               <td width="100%">Name</td>
               <td nowrap="true">Started</td>
               <td nowrap="true">Duration</td>
               <td>Exception</td>
            </tr>
            <tr id="com.qtpselenium.suiteB.Create_Appointment_checkTestSkip_byClass_PASS1_row"
                class="testMethodStatusPASS testMethodStatusCONF">
               <td width="100%" class="firstMethodCell">
                  <a onclick="toggleDetailsVisibility('com.qtpselenium.suiteB.Create_Appointment_checkTestSkip_byClass_PASS1_details')">checkTestSkip()</a>
               </td>
               <td nowrap="true">04:33:16</td>
               <td nowrap="true" align="right">0 ms
                  
               </td>
               <td nowrap="true">
                   
                  
               </td>
            </tr>
            <tr>
               <td colspan="4" class="detailsBox">
                  <div id="com.qtpselenium.suiteB.Create_Appointment_checkTestSkip_byClass_PASS1_details"
                       class="testMethodDetails">
                     <div>
                        <b>Name: </b>checkTestSkip
                     </div>
                     <div>
                        <b>Signature: </b>checkTestSkip()[pri:0, instance:com.qtpselenium.suiteB.Create_Appointment@32932bc1]
                     </div>
                     <div>
                        <b>Start time: </b>04:33:16
                     </div>
                     <div>
                        <b>End time: </b>04:33:16
                     </div>
                     <div>
                        <b>Duration: </b>0 ms
                        
                     </div>
                  </div>
               </td>
            </tr>
            <tr></tr>
            <tr id="com.qtpselenium.suiteB.Create_Appointment_testcaseB1_byClass_FAIL2_row"
                class="testMethodStatusFAIL">
               <td width="100%" class="firstMethodCell">
                  <a onclick="toggleDetailsVisibility('com.qtpselenium.suiteB.Create_Appointment_testcaseB1_byClass_FAIL2_details')">testcaseB1(Dummy Data_B1_1
                     
                     ,
                     
                     Dummy Data_B1_2
                     
                     ,
                     
                     Dummy Data_B1_3
                     
                     ,
                     
                     Dummy Data_B1_4)
                  </a>
               </td>
               <td nowrap="true">04:33:16</td>
               <td nowrap="true" align="right">28s
                  
               </td>
               <td nowrap="true">
                  <a onclick="toggleDetailsVisibility('com.qtpselenium.suiteB.Create_Appointment_testcaseB1_byClass_FAIL2_exception')">org.openqa.selenium.ElementNotVisibleException: 
                     element not visible
                     (Session info: chrome=51.0.2704.84)
                     (Driver info: chromedriver=2.14.313457 (3d645c400edf2e2c500566c9aa096063e707c9cf),platform=Windows NT 6.1 SP1 x86_64) (WARNING:
                     The server did not provide any stacktrace information)
                     Command duration or timeout: 5.55 seconds
                     Build info: version: '2.44.0', revision: '76d78cf', time: '2014-10-23 20:03:00'
                     System info: host: 'ATLANTISPC-274', ip: '10.210.16.37', os.name: 'Windows 7', os.arch: 'amd64', os.version: '6.1', java.version:
                     '1.7.0_79'
                     Session ID: 55ca99f0aec4108968a4e483e50870bc
                     Driver info: org.openqa.selenium.chrome.ChromeDriver
                     Capabilities [{platform=XP, acceptSslCerts=true, javascriptEnabled=true, browserName=chrome, chrome={userDataDir=C:\Users\aakarg\AppData\Local\Temp\scoped_dir2980_8788},
                     rotatable=false, locationContextEnabled=true, mobileEmulationEnabled=false, version=51.0.2704.84, takesHeapSnapshot=true,
                     cssSelectorsEnabled=true, databaseEnabled=false, handlesAlerts=true, browserConnectionEnabled=false, webStorageEnabled=true,
                     nativeEvents=true, applicationCacheEnabled=false, takesScreenshot=true}]
                     
                  </a>
                   
                  
               </td>
            </tr>
            <tr>
               <td colspan="4" class="detailsBox">
                  <div id="com.qtpselenium.suiteB.Create_Appointment_testcaseB1_byClass_FAIL2_details"
                       class="testMethodDetails">
                     <div>
                        <b>Name: </b>testcaseB1
                     </div>
                     <div>
                        <b>Signature: </b>testcaseB1(java.lang.String, java.lang.String, java.lang.String, java.lang.String)[pri:0, instance:com.qtpselenium.suiteB.Create_Appointment@32932bc1]
                     </div>
                     <div>
                        <b>Parameters: </b>
                        
                        Dummy Data_B1_1
                        
                        ,
                        
                        Dummy Data_B1_2
                        
                        ,
                        
                        Dummy Data_B1_3
                        
                        ,
                        
                        Dummy Data_B1_4
                        
                        
                     </div>
                     <div>
                        <b>Start time: </b>04:33:16
                     </div>
                     <div>
                        <b>End time: </b>04:33:44
                     </div>
                     <div>
                        <b>Duration: </b>28s
                        
                     </div>
                  </div>
               </td>
            </tr>
            <tr>
               <td colspan="4" class="detailsBox">
                  <div id="com.qtpselenium.suiteB.Create_Appointment_testcaseB1_byClass_FAIL2_exception"
                       class="testMethodDetails">
                     <pre style="padding: 5px; margin: 0;">org.openqa.selenium.ElementNotVisibleException: element not visible
                        (Session info: chrome=51.0.2704.84)
                        (Driver info: chromedriver=2.14.313457 (3d645c400edf2e2c500566c9aa096063e707c9cf),platform=Windows NT 6.1 SP1 x86_64) (WARNING:
                        The server did not provide any stacktrace information)
                        Command duration or timeout: 5.55 seconds
                        Build info: version: '2.44.0', revision: '76d78cf', time: '2014-10-23 20:03:00'
                        System info: host: 'ATLANTISPC-274', ip: '10.210.16.37', os.name: 'Windows 7', os.arch: 'amd64', os.version: '6.1', java.version:
                        '1.7.0_79'
                        Session ID: 55ca99f0aec4108968a4e483e50870bc
                        Driver info: org.openqa.selenium.chrome.ChromeDriver
                        Capabilities [{platform=XP, acceptSslCerts=true, javascriptEnabled=true, browserName=chrome, chrome={userDataDir=C:\Users\aakarg\AppData\Local\Temp\scoped_dir2980_8788},
                        rotatable=false, locationContextEnabled=true, mobileEmulationEnabled=false, version=51.0.2704.84, takesHeapSnapshot=true,
                        cssSelectorsEnabled=true, databaseEnabled=false, handlesAlerts=true, browserConnectionEnabled=false, webStorageEnabled=true,
                        nativeEvents=true, applicationCacheEnabled=false, takesScreenshot=true}]
                        	at sun.reflect.NativeConstructorAccessorImpl.newInstance0(Native Method)
                        	at sun.reflect.NativeConstructorAccessorImpl.newInstance(NativeConstructorAccessorImpl.java:57)
                        	at sun.reflect.DelegatingConstructorAccessorImpl.newInstance(DelegatingConstructorAccessorImpl.java:45)
                        	at java.lang.reflect.Constructor.newInstance(Constructor.java:526)
                        	at org.openqa.selenium.remote.ErrorHandler.createThrowable(ErrorHandler.java:204)
                        	at org.openqa.selenium.remote.ErrorHandler.throwIfResponseFailed(ErrorHandler.java:156)
                        	at org.openqa.selenium.remote.RemoteWebDriver.execute(RemoteWebDriver.java:599)
                        	at org.openqa.selenium.remote.RemoteWebElement.execute(RemoteWebElement.java:268)
                        	at org.openqa.selenium.remote.RemoteWebElement.sendKeys(RemoteWebElement.java:89)
                        	at com.qtpselenium.base.TestBase.login(TestBase.java:183)
                        	at com.qtpselenium.suiteB.Create_Appointment.testcaseB1(Create_Appointment.java:56)
                        	at sun.reflect.NativeMethodAccessorImpl.invoke0(Native Method)
                        	at sun.reflect.NativeMethodAccessorImpl.invoke(NativeMethodAccessorImpl.java:57)
                        	at sun.reflect.DelegatingMethodAccessorImpl.invoke(DelegatingMethodAccessorImpl.java:43)
                        	at java.lang.reflect.Method.invoke(Method.java:606)
                        	at org.testng.internal.MethodInvocationHelper.invokeMethod(MethodInvocationHelper.java:84)
                        	at org.testng.internal.Invoker.invokeMethod(Invoker.java:714)
                        	at org.testng.internal.Invoker.invokeTestMethod(Invoker.java:901)
                        	at org.testng.internal.Invoker.invokeTestMethods(Invoker.java:1231)
                        	at org.testng.internal.TestMethodWorker.invokeTestMethods(TestMethodWorker.java:127)
                        	at org.testng.internal.TestMethodWorker.run(TestMethodWorker.java:111)
                        	at org.testng.TestRunner.privateRun(TestRunner.java:767)
                        	at org.testng.TestRunner.run(TestRunner.java:617)
                        	at org.testng.SuiteRunner.runTest(SuiteRunner.java:334)
                        	at org.testng.SuiteRunner.runSequentially(SuiteRunner.java:329)
                        	at org.testng.SuiteRunner.privateRun(SuiteRunner.java:291)
                        	at org.testng.SuiteRunner.run(SuiteRunner.java:240)
                        	at org.testng.SuiteRunnerWorker.runSuite(SuiteRunnerWorker.java:52)
                        	at org.testng.SuiteRunnerWorker.run(SuiteRunnerWorker.java:86)
                        	at org.testng.TestNG.runSuitesSequentially(TestNG.java:1224)
                        	at org.testng.TestNG.runSuitesSequentially(TestNG.java:1220)
                        	at org.testng.TestNG.runSuitesLocally(TestNG.java:1149)
                        	at org.testng.TestNG.run(TestNG.java:1057)
                        	at org.testng.TestNG.privateMain(TestNG.java:1364)
                        	at org.testng.TestNG.main(TestNG.java:1333)
                     </pre>
                  </div>
               </td>
            </tr>
            <tr id="com.qtpselenium.suiteB.Create_Appointment_reportDataSetResult_byClass_PASS3_row"
                class="testMethodStatusPASS testMethodStatusCONF">
               <td width="100%" class="firstMethodCell">
                  <a onclick="toggleDetailsVisibility('com.qtpselenium.suiteB.Create_Appointment_reportDataSetResult_byClass_PASS3_details')">reportDataSetResult()</a>
               </td>
               <td nowrap="true">04:33:44</td>
               <td nowrap="true" align="right">23 ms
                  
               </td>
               <td nowrap="true">
                   
                  
               </td>
            </tr>
            <tr>
               <td colspan="4" class="detailsBox">
                  <div id="com.qtpselenium.suiteB.Create_Appointment_reportDataSetResult_byClass_PASS3_details"
                       class="testMethodDetails">
                     <div>
                        <b>Name: </b>reportDataSetResult
                     </div>
                     <div>
                        <b>Signature: </b>reportDataSetResult()[pri:0, instance:com.qtpselenium.suiteB.Create_Appointment@32932bc1]
                     </div>
                     <div>
                        <b>Start time: </b>04:33:44
                     </div>
                     <div>
                        <b>End time: </b>04:33:45
                     </div>
                     <div>
                        <b>Duration: </b>23 ms
                        
                     </div>
                  </div>
               </td>
            </tr>
            <tr></tr>
            <tr id="com.qtpselenium.suiteB.Create_Appointment_reportDataSetResult_byClass_PASS4_row"
                class="testMethodStatusPASS testMethodStatusCONF">
               <td width="100%" class="firstMethodCell">
                  <a onclick="toggleDetailsVisibility('com.qtpselenium.suiteB.Create_Appointment_reportDataSetResult_byClass_PASS4_details')">reportDataSetResult()</a>
               </td>
               <td nowrap="true">04:33:45</td>
               <td nowrap="true" align="right">25 ms
                  
               </td>
               <td nowrap="true">
                   
                  
               </td>
            </tr>
            <tr>
               <td colspan="4" class="detailsBox">
                  <div id="com.qtpselenium.suiteB.Create_Appointment_reportDataSetResult_byClass_PASS4_details"
                       class="testMethodDetails">
                     <div>
                        <b>Name: </b>reportDataSetResult
                     </div>
                     <div>
                        <b>Signature: </b>reportDataSetResult()[pri:0, instance:com.qtpselenium.suiteB.Create_Appointment@32932bc1]
                     </div>
                     <div>
                        <b>Start time: </b>04:33:45
                     </div>
                     <div>
                        <b>End time: </b>04:33:45
                     </div>
                     <div>
                        <b>Duration: </b>25 ms
                        
                     </div>
                  </div>
               </td>
            </tr>
            <tr></tr>
            <tr id="com.qtpselenium.suiteB.Create_Appointment_testcaseB1_byClass_SKIP5_row"
                class="testMethodStatusSKIP">
               <td width="100%" class="firstMethodCell">
                  <a onclick="toggleDetailsVisibility('com.qtpselenium.suiteB.Create_Appointment_testcaseB1_byClass_SKIP5_details')">testcaseB1(Dummy Data_B1_5
                     
                     ,
                     
                     Dummy Data_B1_6
                     
                     ,
                     
                     Dummy Data_B1_7
                     
                     ,
                     
                     Dummy Data_B1_8)
                  </a>
               </td>
               <td nowrap="true">04:33:45</td>
               <td nowrap="true" align="right">0 ms
                  
               </td>
               <td nowrap="true">
                  <a onclick="toggleDetailsVisibility('com.qtpselenium.suiteB.Create_Appointment_testcaseB1_byClass_SKIP5_exception')">org.testng.SkipException: 
                     Runmode for test set data set to no 1
                     
                  </a>
                   
                  
               </td>
            </tr>
            <tr>
               <td colspan="4" class="detailsBox">
                  <div id="com.qtpselenium.suiteB.Create_Appointment_testcaseB1_byClass_SKIP5_details"
                       class="testMethodDetails">
                     <div>
                        <b>Name: </b>testcaseB1
                     </div>
                     <div>
                        <b>Signature: </b>testcaseB1(java.lang.String, java.lang.String, java.lang.String, java.lang.String)[pri:0, instance:com.qtpselenium.suiteB.Create_Appointment@32932bc1]
                     </div>
                     <div>
                        <b>Parameters: </b>
                        
                        Dummy Data_B1_5
                        
                        ,
                        
                        Dummy Data_B1_6
                        
                        ,
                        
                        Dummy Data_B1_7
                        
                        ,
                        
                        Dummy Data_B1_8
                        
                        
                     </div>
                     <div>
                        <b>Start time: </b>04:33:45
                     </div>
                     <div>
                        <b>End time: </b>04:33:45
                     </div>
                     <div>
                        <b>Duration: </b>0 ms
                        
                     </div>
                  </div>
               </td>
            </tr>
            <tr>
               <td colspan="4" class="detailsBox">
                  <div id="com.qtpselenium.suiteB.Create_Appointment_testcaseB1_byClass_SKIP5_exception"
                       class="testMethodDetails">
                     <pre style="padding: 5px; margin: 0;">org.testng.SkipException: Runmode for test set data set to no 1
                        	at com.qtpselenium.suiteB.Create_Appointment.testcaseB1(Create_Appointment.java:47)
                        	at sun.reflect.NativeMethodAccessorImpl.invoke0(Native Method)
                        	at sun.reflect.NativeMethodAccessorImpl.invoke(NativeMethodAccessorImpl.java:57)
                        	at sun.reflect.DelegatingMethodAccessorImpl.invoke(DelegatingMethodAccessorImpl.java:43)
                        	at java.lang.reflect.Method.invoke(Method.java:606)
                        	at org.testng.internal.MethodInvocationHelper.invokeMethod(MethodInvocationHelper.java:84)
                        	at org.testng.internal.Invoker.invokeMethod(Invoker.java:714)
                        	at org.testng.internal.Invoker.invokeTestMethod(Invoker.java:901)
                        	at org.testng.internal.Invoker.invokeTestMethods(Invoker.java:1231)
                        	at org.testng.internal.TestMethodWorker.invokeTestMethods(TestMethodWorker.java:127)
                        	at org.testng.internal.TestMethodWorker.run(TestMethodWorker.java:111)
                        	at org.testng.TestRunner.privateRun(TestRunner.java:767)
                        	at org.testng.TestRunner.run(TestRunner.java:617)
                        	at org.testng.SuiteRunner.runTest(SuiteRunner.java:334)
                        	at org.testng.SuiteRunner.runSequentially(SuiteRunner.java:329)
                        	at org.testng.SuiteRunner.privateRun(SuiteRunner.java:291)
                        	at org.testng.SuiteRunner.run(SuiteRunner.java:240)
                        	at org.testng.SuiteRunnerWorker.runSuite(SuiteRunnerWorker.java:52)
                        	at org.testng.SuiteRunnerWorker.run(SuiteRunnerWorker.java:86)
                        	at org.testng.TestNG.runSuitesSequentially(TestNG.java:1224)
                        	at org.testng.TestNG.runSuitesSequentially(TestNG.java:1220)
                        	at org.testng.TestNG.runSuitesLocally(TestNG.java:1149)
                        	at org.testng.TestNG.run(TestNG.java:1057)
                        	at org.testng.TestNG.privateMain(TestNG.java:1364)
                        	at org.testng.TestNG.main(TestNG.java:1333)
                     </pre>
                  </div>
               </td>
            </tr>
            <tr id="com.qtpselenium.suiteB.Create_Appointment_testcaseB1_byClass_SKIP6_row"
                class="testMethodStatusSKIP">
               <td width="100%" class="firstMethodCell">
                  <a onclick="toggleDetailsVisibility('com.qtpselenium.suiteB.Create_Appointment_testcaseB1_byClass_SKIP6_details')">testcaseB1(Dummy Data_B1_9
                     
                     ,
                     
                     Dummy Data_B1_10
                     
                     ,
                     
                     Dummy Data_B1_11
                     
                     ,
                     
                     Dummy Data_B1_12)
                  </a>
               </td>
               <td nowrap="true">04:33:45</td>
               <td nowrap="true" align="right">1 ms
                  
               </td>
               <td nowrap="true">
                  <a onclick="toggleDetailsVisibility('com.qtpselenium.suiteB.Create_Appointment_testcaseB1_byClass_SKIP6_exception')">org.testng.SkipException: 
                     Runmode for test set data set to no 2
                     
                  </a>
                   
                  
               </td>
            </tr>
            <tr>
               <td colspan="4" class="detailsBox">
                  <div id="com.qtpselenium.suiteB.Create_Appointment_testcaseB1_byClass_SKIP6_details"
                       class="testMethodDetails">
                     <div>
                        <b>Name: </b>testcaseB1
                     </div>
                     <div>
                        <b>Signature: </b>testcaseB1(java.lang.String, java.lang.String, java.lang.String, java.lang.String)[pri:0, instance:com.qtpselenium.suiteB.Create_Appointment@32932bc1]
                     </div>
                     <div>
                        <b>Parameters: </b>
                        
                        Dummy Data_B1_9
                        
                        ,
                        
                        Dummy Data_B1_10
                        
                        ,
                        
                        Dummy Data_B1_11
                        
                        ,
                        
                        Dummy Data_B1_12
                        
                        
                     </div>
                     <div>
                        <b>Start time: </b>04:33:45
                     </div>
                     <div>
                        <b>End time: </b>04:33:45
                     </div>
                     <div>
                        <b>Duration: </b>1 ms
                        
                     </div>
                  </div>
               </td>
            </tr>
            <tr>
               <td colspan="4" class="detailsBox">
                  <div id="com.qtpselenium.suiteB.Create_Appointment_testcaseB1_byClass_SKIP6_exception"
                       class="testMethodDetails">
                     <pre style="padding: 5px; margin: 0;">org.testng.SkipException: Runmode for test set data set to no 2
                        	at com.qtpselenium.suiteB.Create_Appointment.testcaseB1(Create_Appointment.java:47)
                        	at sun.reflect.NativeMethodAccessorImpl.invoke0(Native Method)
                        	at sun.reflect.NativeMethodAccessorImpl.invoke(NativeMethodAccessorImpl.java:57)
                        	at sun.reflect.DelegatingMethodAccessorImpl.invoke(DelegatingMethodAccessorImpl.java:43)
                        	at java.lang.reflect.Method.invoke(Method.java:606)
                        	at org.testng.internal.MethodInvocationHelper.invokeMethod(MethodInvocationHelper.java:84)
                        	at org.testng.internal.Invoker.invokeMethod(Invoker.java:714)
                        	at org.testng.internal.Invoker.invokeTestMethod(Invoker.java:901)
                        	at org.testng.internal.Invoker.invokeTestMethods(Invoker.java:1231)
                        	at org.testng.internal.TestMethodWorker.invokeTestMethods(TestMethodWorker.java:127)
                        	at org.testng.internal.TestMethodWorker.run(TestMethodWorker.java:111)
                        	at org.testng.TestRunner.privateRun(TestRunner.java:767)
                        	at org.testng.TestRunner.run(TestRunner.java:617)
                        	at org.testng.SuiteRunner.runTest(SuiteRunner.java:334)
                        	at org.testng.SuiteRunner.runSequentially(SuiteRunner.java:329)
                        	at org.testng.SuiteRunner.privateRun(SuiteRunner.java:291)
                        	at org.testng.SuiteRunner.run(SuiteRunner.java:240)
                        	at org.testng.SuiteRunnerWorker.runSuite(SuiteRunnerWorker.java:52)
                        	at org.testng.SuiteRunnerWorker.run(SuiteRunnerWorker.java:86)
                        	at org.testng.TestNG.runSuitesSequentially(TestNG.java:1224)
                        	at org.testng.TestNG.runSuitesSequentially(TestNG.java:1220)
                        	at org.testng.TestNG.runSuitesLocally(TestNG.java:1149)
                        	at org.testng.TestNG.run(TestNG.java:1057)
                        	at org.testng.TestNG.privateMain(TestNG.java:1364)
                        	at org.testng.TestNG.main(TestNG.java:1333)
                     </pre>
                  </div>
               </td>
            </tr>
            <tr id="com.qtpselenium.suiteB.Create_Appointment_reportDataSetResult_byClass_PASS7_row"
                class="testMethodStatusPASS testMethodStatusCONF">
               <td width="100%" class="firstMethodCell">
                  <a onclick="toggleDetailsVisibility('com.qtpselenium.suiteB.Create_Appointment_reportDataSetResult_byClass_PASS7_details')">reportDataSetResult()</a>
               </td>
               <td nowrap="true">04:33:45</td>
               <td nowrap="true" align="right">20 ms
                  
               </td>
               <td nowrap="true">
                   
                  
               </td>
            </tr>
            <tr>
               <td colspan="4" class="detailsBox">
                  <div id="com.qtpselenium.suiteB.Create_Appointment_reportDataSetResult_byClass_PASS7_details"
                       class="testMethodDetails">
                     <div>
                        <b>Name: </b>reportDataSetResult
                     </div>
                     <div>
                        <b>Signature: </b>reportDataSetResult()[pri:0, instance:com.qtpselenium.suiteB.Create_Appointment@32932bc1]
                     </div>
                     <div>
                        <b>Start time: </b>04:33:45
                     </div>
                     <div>
                        <b>End time: </b>04:33:45
                     </div>
                     <div>
                        <b>Duration: </b>20 ms
                        
                     </div>
                  </div>
               </td>
            </tr>
            <tr></tr>
            <tr id="com.qtpselenium.suiteB.Create_Appointment_reportDataSetResult_byClass_PASS8_row"
                class="testMethodStatusPASS testMethodStatusCONF">
               <td width="100%" class="firstMethodCell">
                  <a onclick="toggleDetailsVisibility('com.qtpselenium.suiteB.Create_Appointment_reportDataSetResult_byClass_PASS8_details')">reportDataSetResult()</a>
               </td>
               <td nowrap="true">04:33:45</td>
               <td nowrap="true" align="right">26 ms
                  
               </td>
               <td nowrap="true">
                   
                  
               </td>
            </tr>
            <tr>
               <td colspan="4" class="detailsBox">
                  <div id="com.qtpselenium.suiteB.Create_Appointment_reportDataSetResult_byClass_PASS8_details"
                       class="testMethodDetails">
                     <div>
                        <b>Name: </b>reportDataSetResult
                     </div>
                     <div>
                        <b>Signature: </b>reportDataSetResult()[pri:0, instance:com.qtpselenium.suiteB.Create_Appointment@32932bc1]
                     </div>
                     <div>
                        <b>Start time: </b>04:33:45
                     </div>
                     <div>
                        <b>End time: </b>04:33:45
                     </div>
                     <div>
                        <b>Duration: </b>26 ms
                        
                     </div>
                  </div>
               </td>
            </tr>
            <tr></tr>
            <tr id="com.qtpselenium.suiteB.Create_Appointment_testcaseB1_byClass_SKIP9_row"
                class="testMethodStatusSKIP">
               <td width="100%" class="firstMethodCell">
                  <a onclick="toggleDetailsVisibility('com.qtpselenium.suiteB.Create_Appointment_testcaseB1_byClass_SKIP9_details')">testcaseB1(Dummy Data_B1_13
                     
                     ,
                     
                     Dummy Data_B1_14
                     
                     ,
                     
                     Dummy Data_B1_15
                     
                     ,
                     
                     Dummy Data_B1_16)
                  </a>
               </td>
               <td nowrap="true">04:33:45</td>
               <td nowrap="true" align="right">0 ms
                  
               </td>
               <td nowrap="true">
                  <a onclick="toggleDetailsVisibility('com.qtpselenium.suiteB.Create_Appointment_testcaseB1_byClass_SKIP9_exception')">org.testng.SkipException: 
                     Runmode for test set data set to no 3
                     
                  </a>
                   
                  
               </td>
            </tr>
            <tr>
               <td colspan="4" class="detailsBox">
                  <div id="com.qtpselenium.suiteB.Create_Appointment_testcaseB1_byClass_SKIP9_details"
                       class="testMethodDetails">
                     <div>
                        <b>Name: </b>testcaseB1
                     </div>
                     <div>
                        <b>Signature: </b>testcaseB1(java.lang.String, java.lang.String, java.lang.String, java.lang.String)[pri:0, instance:com.qtpselenium.suiteB.Create_Appointment@32932bc1]
                     </div>
                     <div>
                        <b>Parameters: </b>
                        
                        Dummy Data_B1_13
                        
                        ,
                        
                        Dummy Data_B1_14
                        
                        ,
                        
                        Dummy Data_B1_15
                        
                        ,
                        
                        Dummy Data_B1_16
                        
                        
                     </div>
                     <div>
                        <b>Start time: </b>04:33:45
                     </div>
                     <div>
                        <b>End time: </b>04:33:45
                     </div>
                     <div>
                        <b>Duration: </b>0 ms
                        
                     </div>
                  </div>
               </td>
            </tr>
            <tr>
               <td colspan="4" class="detailsBox">
                  <div id="com.qtpselenium.suiteB.Create_Appointment_testcaseB1_byClass_SKIP9_exception"
                       class="testMethodDetails">
                     <pre style="padding: 5px; margin: 0;">org.testng.SkipException: Runmode for test set data set to no 3
                        	at com.qtpselenium.suiteB.Create_Appointment.testcaseB1(Create_Appointment.java:47)
                        	at sun.reflect.NativeMethodAccessorImpl.invoke0(Native Method)
                        	at sun.reflect.NativeMethodAccessorImpl.invoke(NativeMethodAccessorImpl.java:57)
                        	at sun.reflect.DelegatingMethodAccessorImpl.invoke(DelegatingMethodAccessorImpl.java:43)
                        	at java.lang.reflect.Method.invoke(Method.java:606)
                        	at org.testng.internal.MethodInvocationHelper.invokeMethod(MethodInvocationHelper.java:84)
                        	at org.testng.internal.Invoker.invokeMethod(Invoker.java:714)
                        	at org.testng.internal.Invoker.invokeTestMethod(Invoker.java:901)
                        	at org.testng.internal.Invoker.invokeTestMethods(Invoker.java:1231)
                        	at org.testng.internal.TestMethodWorker.invokeTestMethods(TestMethodWorker.java:127)
                        	at org.testng.internal.TestMethodWorker.run(TestMethodWorker.java:111)
                        	at org.testng.TestRunner.privateRun(TestRunner.java:767)
                        	at org.testng.TestRunner.run(TestRunner.java:617)
                        	at org.testng.SuiteRunner.runTest(SuiteRunner.java:334)
                        	at org.testng.SuiteRunner.runSequentially(SuiteRunner.java:329)
                        	at org.testng.SuiteRunner.privateRun(SuiteRunner.java:291)
                        	at org.testng.SuiteRunner.run(SuiteRunner.java:240)
                        	at org.testng.SuiteRunnerWorker.runSuite(SuiteRunnerWorker.java:52)
                        	at org.testng.SuiteRunnerWorker.run(SuiteRunnerWorker.java:86)
                        	at org.testng.TestNG.runSuitesSequentially(TestNG.java:1224)
                        	at org.testng.TestNG.runSuitesSequentially(TestNG.java:1220)
                        	at org.testng.TestNG.runSuitesLocally(TestNG.java:1149)
                        	at org.testng.TestNG.run(TestNG.java:1057)
                        	at org.testng.TestNG.privateMain(TestNG.java:1364)
                        	at org.testng.TestNG.main(TestNG.java:1333)
                     </pre>
                  </div>
               </td>
            </tr>
            <tr id="com.qtpselenium.suiteB.Create_Appointment_reportTestResult_byClass_PASS10_row"
                class="testMethodStatusPASS testMethodStatusCONF">
               <td width="100%" class="firstMethodCell">
                  <a onclick="toggleDetailsVisibility('com.qtpselenium.suiteB.Create_Appointment_reportTestResult_byClass_PASS10_details')">reportTestResult()</a>
               </td>
               <td nowrap="true">04:33:45</td>
               <td nowrap="true" align="right">23 ms
                  
               </td>
               <td nowrap="true">
                   
                  
               </td>
            </tr>
            <tr>
               <td colspan="4" class="detailsBox">
                  <div id="com.qtpselenium.suiteB.Create_Appointment_reportTestResult_byClass_PASS10_details"
                       class="testMethodDetails">
                     <div>
                        <b>Name: </b>reportTestResult
                     </div>
                     <div>
                        <b>Signature: </b>reportTestResult()[pri:0, instance:com.qtpselenium.suiteB.Create_Appointment@32932bc1]
                     </div>
                     <div>
                        <b>Start time: </b>04:33:45
                     </div>
                     <div>
                        <b>End time: </b>04:33:45
                     </div>
                     <div>
                        <b>Duration: </b>23 ms
                        
                     </div>
                  </div>
               </td>
            </tr>
            <tr></tr>
         </table>
         <br></br>
      </div>
      <div style="margin-top: 15px; color: gray; text-align: center; font-size: 9px;">
         Generated with
         
         <a href="http://code.google.com/p/testng-xslt/" style="color: #8888aa;"
            target="_blank">
            TestNG XSLT
            
         </a>
      </div>
   </body>
</html>