<html xmlns:math="http://exslt.org/math" xmlns:testng="http://testng.org">
   <head>
      <title>TestNG Results</title>
      <meta http-equiv="content-type" content="text/html; charset=utf-8"></meta>
      <meta http-equiv="pragma" content="no-cache"></meta>
      <meta http-equiv="cache-control" content="max-age=0"></meta>
      <meta http-equiv="cache-control" content="no-cache"></meta>
      <meta http-equiv="cache-control" content="no-store"></meta>
      <LINK rel="stylesheet" href="style.css"></LINK>
      <script type="text/javascript" src="main.js"></script>
   </head>
   <body>
      <table width="100%" style="font-size: 16px; margin-bottom: 10px;" cellspacing="1">
         <tr>
            <td width="100%">
               All methods in suite
               
               <b>Suite B</b>
            </td>
            <td style="background-color: #FFBBBB; padding: 3px 3px 3px 0;" align="center">
               <div style="width: 50px;">1</div>
            </td>
            <td style="background-color: lightgreen; padding: 3px 3px 3px 0;" align="center">
               <div style="width: 50px;">3</div>
            </td>
            <td style="background-color: #FFFFBB; padding: 3px 3px 3px 0;" align="center">
               <div style="width: 50px;">0</div>
            </td>
            <td align="center" style="background-color: #eaf0f7; padding: 3px 3px 3px 0;">
               <div style="width: 50px;">4</div>
            </td>
            <td align="center"
                style="font-weight: bold; background-color: #eaf0f7; padding: 3px 3px 3px 0;">
               <div style="width: 50px;">75%</div>
            </td>
            <td style="background-color: #eaf0f7; padding: 3px 3px 3px 0;" align="center"
                nowrap="true">5m
               16s
               
            </td>
         </tr>
      </table>
      <div style="width: 200px;">
         <label for="groupMethodsCheckBox" style="font-weight: bold; margin: 0;">
            <input id="groupMethodsCheckBox" type="checkbox" onclick="switchTestMethodsView(this)"></input>
            Group by class
            
         </label>
         <br></br>
         <label for="methodsFilter_ALL" style="font-weight: bold; margin: 0;">
            <input id="methodsFilter_ALL" type="checkbox"
                   onclick="testMethodsFilterChanged(this, 'ALL')"></input>
            All
            
         </label>
      </div>
      <label for="methodsFilter_FAIL" style="margin-left: 20px;">
         <input id="methodsFilter_FAIL" type="checkbox"
                onclick="testMethodsFilterChanged(this, 'FAIL')"
                checked=""></input>
         Failed
         
      </label>
      <label for="methodsFilter_PASS">
         <input id="methodsFilter_PASS" type="checkbox"
                onclick="testMethodsFilterChanged(this, 'PASS')"
                checked=""></input>
         Passed
         
      </label>
      <label for="methodsFilter_SKIP">
         <input id="methodsFilter_SKIP" type="checkbox"
                onclick="testMethodsFilterChanged(this, 'SKIP')"
                checked=""></input>
         Skipped
         
      </label>
      <label for="methodsFilter_CONF">
         <input id="methodsFilter_CONF" type="checkbox"
                onclick="testMethodsFilterChanged(this, 'CONF')"></input>
         Config
         
      </label>
      <br></br>
      <div id="testMethodsByStatus">
         <table class="testMethodsTable" cellpadding="0" cellspacing="0">
            <tr class="methodsTableHeader">
               <td width="100%">Name</td>
               <td nowrap="true">Started</td>
               <td nowrap="true">Duration</td>
               <td>Exception</td>
            </tr>
            <tr id="com.qtpselenium.suiteB.Create_Appointment_create_Appointment_byStatus_failed_FAIL1_row"
                class="testMethodStatusFAIL">
               <td width="100%" class="firstMethodCell">
                  <a onclick="toggleDetailsVisibility('com.qtpselenium.suiteB.Create_Appointment_create_Appointment_byStatus_failed_FAIL1_details')">create_Appointment(Dummy Data_B1_1
                     
                     ,
                     
                     Dummy Data_B1_2
                     
                     ,
                     
                     Dummy Data_B1_3
                     
                     ,
                     
                     Dummy Data_B1_4)
                  </a>
               </td>
               <td nowrap="true">06:49:03</td>
               <td nowrap="true" align="right">2m
                  50s
                  
               </td>
               <td nowrap="true">
                  <a onclick="toggleDetailsVisibility('com.qtpselenium.suiteB.Create_Appointment_create_Appointment_byStatus_failed_FAIL1_exception')">org.openqa.selenium.NoSuchElementException: 
                     no such element
                     (Session info: chrome=52.0.2743.116)
                     (Driver info: chromedriver=2.14.313457 (3d645c400edf2e2c500566c9aa096063e707c9cf),platform=Windows NT 6.1 SP1 x86_64) (WARNING:
                     The server did not provide any stacktrace information)
                     Command duration or timeout: 5.06 seconds
                     For documentation on this error, please visit: http://seleniumhq.org/exceptions/no_such_element.html
                     Build info: version: '2.44.0', revision: '76d78cf', time: '2014-10-23 20:03:00'
                     System info: host: 'ATLANTISPC-274', ip: '169.254.211.214', os.name: 'Windows 7', os.arch: 'amd64', os.version: '6.1', java.version:
                     '1.7.0_79'
                     Session ID: 20fccd5631466a151c0695f76729945e
                     Driver info: org.openqa.selenium.chrome.ChromeDriver
                     Capabilities [{platform=XP, acceptSslCerts=true, javascriptEnabled=true, browserName=chrome, chrome={userDataDir=C:\Users\aakarg\AppData\Local\Temp\scoped_dir9668_31820},
                     rotatable=false, locationContextEnabled=true, mobileEmulationEnabled=false, version=52.0.2743.116, takesHeapSnapshot=true,
                     cssSelectorsEnabled=true, databaseEnabled=false, handlesAlerts=true, browserConnectionEnabled=false, webStorageEnabled=true,
                     nativeEvents=true, applicationCacheEnabled=false, takesScreenshot=true}]
                     
                  </a>
                   
                  
               </td>
            </tr>
            <tr>
               <td colspan="4" class="detailsBox">
                  <div id="com.qtpselenium.suiteB.Create_Appointment_create_Appointment_byStatus_failed_FAIL1_details"
                       class="testMethodDetails">
                     <div>
                        <b>Name: </b>create_Appointment
                     </div>
                     <div>
                        <b>Signature: </b>create_Appointment(java.lang.String, java.lang.String, java.lang.String, java.lang.String)[pri:0, instance:com.qtpselenium.suiteB.Create_Appointment@5f0ab5d]
                     </div>
                     <div>
                        <b>Parameters: </b>
                        
                        Dummy Data_B1_1
                        
                        ,
                        
                        Dummy Data_B1_2
                        
                        ,
                        
                        Dummy Data_B1_3
                        
                        ,
                        
                        Dummy Data_B1_4
                        
                        
                     </div>
                     <div>
                        <b>Start time: </b>06:49:03
                     </div>
                     <div>
                        <b>End time: </b>06:50:53
                     </div>
                     <div>
                        <b>Duration: </b>2m
                        50s
                        
                     </div>
                  </div>
               </td>
            </tr>
            <tr>
               <td colspan="4" class="detailsBox">
                  <div id="com.qtpselenium.suiteB.Create_Appointment_create_Appointment_byStatus_failed_FAIL1_exception"
                       class="testMethodDetails">
                     <pre style="padding: 5px; margin: 0;">org.openqa.selenium.NoSuchElementException: no such element
                        (Session info: chrome=52.0.2743.116)
                        (Driver info: chromedriver=2.14.313457 (3d645c400edf2e2c500566c9aa096063e707c9cf),platform=Windows NT 6.1 SP1 x86_64) (WARNING:
                        The server did not provide any stacktrace information)
                        Command duration or timeout: 5.06 seconds
                        For documentation on this error, please visit: http://seleniumhq.org/exceptions/no_such_element.html
                        Build info: version: '2.44.0', revision: '76d78cf', time: '2014-10-23 20:03:00'
                        System info: host: 'ATLANTISPC-274', ip: '169.254.211.214', os.name: 'Windows 7', os.arch: 'amd64', os.version: '6.1', java.version:
                        '1.7.0_79'
                        Session ID: 20fccd5631466a151c0695f76729945e
                        Driver info: org.openqa.selenium.chrome.ChromeDriver
                        Capabilities [{platform=XP, acceptSslCerts=true, javascriptEnabled=true, browserName=chrome, chrome={userDataDir=C:\Users\aakarg\AppData\Local\Temp\scoped_dir9668_31820},
                        rotatable=false, locationContextEnabled=true, mobileEmulationEnabled=false, version=52.0.2743.116, takesHeapSnapshot=true,
                        cssSelectorsEnabled=true, databaseEnabled=false, handlesAlerts=true, browserConnectionEnabled=false, webStorageEnabled=true,
                        nativeEvents=true, applicationCacheEnabled=false, takesScreenshot=true}]
                        	at sun.reflect.NativeConstructorAccessorImpl.newInstance0(Native Method)
                        	at sun.reflect.NativeConstructorAccessorImpl.newInstance(NativeConstructorAccessorImpl.java:57)
                        	at sun.reflect.DelegatingConstructorAccessorImpl.newInstance(DelegatingConstructorAccessorImpl.java:45)
                        	at java.lang.reflect.Constructor.newInstance(Constructor.java:526)
                        	at org.openqa.selenium.remote.ErrorHandler.createThrowable(ErrorHandler.java:204)
                        	at org.openqa.selenium.remote.ErrorHandler.throwIfResponseFailed(ErrorHandler.java:156)
                        	at org.openqa.selenium.remote.RemoteWebDriver.execute(RemoteWebDriver.java:599)
                        	at org.openqa.selenium.remote.RemoteWebDriver.findElement(RemoteWebDriver.java:352)
                        	at org.openqa.selenium.remote.RemoteWebDriver.findElementByXPath(RemoteWebDriver.java:449)
                        	at org.openqa.selenium.By$ByXPath.findElement(By.java:357)
                        	at org.openqa.selenium.remote.RemoteWebDriver.findElement(RemoteWebDriver.java:344)
                        	at com.qtpselenium.suiteB.Create_Appointment.create_Appointment(Create_Appointment.java:102)
                        	at sun.reflect.NativeMethodAccessorImpl.invoke0(Native Method)
                        	at sun.reflect.NativeMethodAccessorImpl.invoke(NativeMethodAccessorImpl.java:57)
                        	at sun.reflect.DelegatingMethodAccessorImpl.invoke(DelegatingMethodAccessorImpl.java:43)
                        	at java.lang.reflect.Method.invoke(Method.java:606)
                        	at org.testng.internal.MethodInvocationHelper.invokeMethod(MethodInvocationHelper.java:84)
                        	at org.testng.internal.Invoker.invokeMethod(Invoker.java:714)
                        	at org.testng.internal.Invoker.invokeTestMethod(Invoker.java:901)
                        	at org.testng.internal.Invoker.invokeTestMethods(Invoker.java:1231)
                        	at org.testng.internal.TestMethodWorker.invokeTestMethods(TestMethodWorker.java:127)
                        	at org.testng.internal.TestMethodWorker.run(TestMethodWorker.java:111)
                        	at org.testng.TestRunner.privateRun(TestRunner.java:767)
                        	at org.testng.TestRunner.run(TestRunner.java:617)
                        	at org.testng.SuiteRunner.runTest(SuiteRunner.java:334)
                        	at org.testng.SuiteRunner.runSequentially(SuiteRunner.java:329)
                        	at org.testng.SuiteRunner.privateRun(SuiteRunner.java:291)
                        	at org.testng.SuiteRunner.run(SuiteRunner.java:240)
                        	at org.testng.SuiteRunnerWorker.runSuite(SuiteRunnerWorker.java:52)
                        	at org.testng.SuiteRunnerWorker.run(SuiteRunnerWorker.java:86)
                        	at org.testng.TestNG.runSuitesSequentially(TestNG.java:1224)
                        	at org.testng.TestNG.runSuitesSequentially(TestNG.java:1220)
                        	at org.testng.TestNG.runSuitesLocally(TestNG.java:1149)
                        	at org.testng.TestNG.run(TestNG.java:1057)
                        	at org.testng.TestNG.privateMain(TestNG.java:1364)
                        	at org.testng.TestNG.main(TestNG.java:1333)
                     </pre>
                  </div>
               </td>
            </tr>
            <tr id="com.qtpselenium.suiteB.Create_Appointment_checkTestSkip_byStatus_passed_PASS1_row"
                class="testMethodStatusPASS testMethodStatusCONF">
               <td width="100%" class="firstMethodCell">
                  <a onclick="toggleDetailsVisibility('com.qtpselenium.suiteB.Create_Appointment_checkTestSkip_byStatus_passed_PASS1_details')">checkTestSkip()</a>
               </td>
               <td nowrap="true">06:49:03</td>
               <td nowrap="true" align="right">2 ms
                  
               </td>
               <td nowrap="true">
                   
                  
               </td>
            </tr>
            <tr>
               <td colspan="4" class="detailsBox">
                  <div id="com.qtpselenium.suiteB.Create_Appointment_checkTestSkip_byStatus_passed_PASS1_details"
                       class="testMethodDetails">
                     <div>
                        <b>Name: </b>checkTestSkip
                     </div>
                     <div>
                        <b>Signature: </b>checkTestSkip()[pri:0, instance:com.qtpselenium.suiteB.Create_Appointment@5f0ab5d]
                     </div>
                     <div>
                        <b>Start time: </b>06:49:03
                     </div>
                     <div>
                        <b>End time: </b>06:49:03
                     </div>
                     <div>
                        <b>Duration: </b>2 ms
                        
                     </div>
                  </div>
               </td>
            </tr>
            <tr></tr>
            <tr id="com.qtpselenium.suiteB.Create_Appointment_reportDataSetResult_byStatus_passed_PASS2_row"
                class="testMethodStatusPASS testMethodStatusCONF">
               <td width="100%" class="firstMethodCell">
                  <a onclick="toggleDetailsVisibility('com.qtpselenium.suiteB.Create_Appointment_reportDataSetResult_byStatus_passed_PASS2_details')">reportDataSetResult()</a>
               </td>
               <td nowrap="true">06:50:58</td>
               <td nowrap="true" align="right">83 ms
                  
               </td>
               <td nowrap="true">
                   
                  
               </td>
            </tr>
            <tr>
               <td colspan="4" class="detailsBox">
                  <div id="com.qtpselenium.suiteB.Create_Appointment_reportDataSetResult_byStatus_passed_PASS2_details"
                       class="testMethodDetails">
                     <div>
                        <b>Name: </b>reportDataSetResult
                     </div>
                     <div>
                        <b>Signature: </b>reportDataSetResult()[pri:0, instance:com.qtpselenium.suiteB.Create_Appointment@5f0ab5d]
                     </div>
                     <div>
                        <b>Start time: </b>06:50:58
                     </div>
                     <div>
                        <b>End time: </b>06:50:58
                     </div>
                     <div>
                        <b>Duration: </b>83 ms
                        
                     </div>
                  </div>
               </td>
            </tr>
            <tr></tr>
            <tr id="com.qtpselenium.suiteB.Create_Appointment_reportTestResult_byStatus_passed_PASS3_row"
                class="testMethodStatusPASS testMethodStatusCONF">
               <td width="100%" class="firstMethodCell">
                  <a onclick="toggleDetailsVisibility('com.qtpselenium.suiteB.Create_Appointment_reportTestResult_byStatus_passed_PASS3_details')">reportTestResult()</a>
               </td>
               <td nowrap="true">06:50:58</td>
               <td nowrap="true" align="right">85 ms
                  
               </td>
               <td nowrap="true">
                   
                  
               </td>
            </tr>
            <tr>
               <td colspan="4" class="detailsBox">
                  <div id="com.qtpselenium.suiteB.Create_Appointment_reportTestResult_byStatus_passed_PASS3_details"
                       class="testMethodDetails">
                     <div>
                        <b>Name: </b>reportTestResult
                     </div>
                     <div>
                        <b>Signature: </b>reportTestResult()[pri:0, instance:com.qtpselenium.suiteB.Create_Appointment@5f0ab5d]
                     </div>
                     <div>
                        <b>Start time: </b>06:50:58
                     </div>
                     <div>
                        <b>End time: </b>06:50:58
                     </div>
                     <div>
                        <b>Duration: </b>85 ms
                        
                     </div>
                  </div>
               </td>
            </tr>
            <tr></tr>
            <tr id="com.qtpselenium.suiteB.Create_Employer_checkTestSkip_byStatus_passed_PASS4_row"
                class="testMethodStatusPASS testMethodStatusCONF">
               <td width="100%" class="firstMethodCell">
                  <a onclick="toggleDetailsVisibility('com.qtpselenium.suiteB.Create_Employer_checkTestSkip_byStatus_passed_PASS4_details')">checkTestSkip()</a>
               </td>
               <td nowrap="true">06:50:58</td>
               <td nowrap="true" align="right">2 ms
                  
               </td>
               <td nowrap="true">
                   
                  
               </td>
            </tr>
            <tr>
               <td colspan="4" class="detailsBox">
                  <div id="com.qtpselenium.suiteB.Create_Employer_checkTestSkip_byStatus_passed_PASS4_details"
                       class="testMethodDetails">
                     <div>
                        <b>Name: </b>checkTestSkip
                     </div>
                     <div>
                        <b>Signature: </b>checkTestSkip()[pri:0, instance:com.qtpselenium.suiteB.Create_Employer@2434cccc]
                     </div>
                     <div>
                        <b>Start time: </b>06:50:58
                     </div>
                     <div>
                        <b>End time: </b>06:50:58
                     </div>
                     <div>
                        <b>Duration: </b>2 ms
                        
                     </div>
                  </div>
               </td>
            </tr>
            <tr></tr>
            <tr id="com.qtpselenium.suiteB.Create_Employer_create_employer_byStatus_passed_PASS5_row"
                class="testMethodStatusPASS">
               <td width="100%" class="firstMethodCell">
                  <a onclick="toggleDetailsVisibility('com.qtpselenium.suiteB.Create_Employer_create_employer_byStatus_passed_PASS5_details')">create_employer(prakash
                     
                     ,
                     
                     Arizona
                     
                     ,
                     
                     New Jersy
                     
                     ,
                     
                     abc@gmaiol.com)
                  </a>
               </td>
               <td nowrap="true">06:50:58</td>
               <td nowrap="true" align="right">22s
                  
               </td>
               <td nowrap="true">
                   
                  
               </td>
            </tr>
            <tr>
               <td colspan="4" class="detailsBox">
                  <div id="com.qtpselenium.suiteB.Create_Employer_create_employer_byStatus_passed_PASS5_details"
                       class="testMethodDetails">
                     <div>
                        <b>Name: </b>create_employer
                     </div>
                     <div>
                        <b>Signature: </b>create_employer(java.lang.String, java.lang.String, java.lang.String, java.lang.String)[pri:0, instance:com.qtpselenium.suiteB.Create_Employer@2434cccc]
                     </div>
                     <div>
                        <b>Parameters: </b>
                        
                        prakash
                        
                        ,
                        
                        Arizona
                        
                        ,
                        
                        New Jersy
                        
                        ,
                        
                        abc@gmaiol.com
                        
                        
                     </div>
                     <div>
                        <b>Start time: </b>06:50:58
                     </div>
                     <div>
                        <b>End time: </b>06:51:20
                     </div>
                     <div>
                        <b>Duration: </b>22s
                        
                     </div>
                  </div>
               </td>
            </tr>
            <tr></tr>
            <tr id="com.qtpselenium.suiteB.Create_Employer_reportDataSetResult_byStatus_passed_PASS6_row"
                class="testMethodStatusPASS testMethodStatusCONF">
               <td width="100%" class="firstMethodCell">
                  <a onclick="toggleDetailsVisibility('com.qtpselenium.suiteB.Create_Employer_reportDataSetResult_byStatus_passed_PASS6_details')">reportDataSetResult()</a>
               </td>
               <td nowrap="true">06:51:22</td>
               <td nowrap="true" align="right">54 ms
                  
               </td>
               <td nowrap="true">
                   
                  
               </td>
            </tr>
            <tr>
               <td colspan="4" class="detailsBox">
                  <div id="com.qtpselenium.suiteB.Create_Employer_reportDataSetResult_byStatus_passed_PASS6_details"
                       class="testMethodDetails">
                     <div>
                        <b>Name: </b>reportDataSetResult
                     </div>
                     <div>
                        <b>Signature: </b>reportDataSetResult()[pri:0, instance:com.qtpselenium.suiteB.Create_Employer@2434cccc]
                     </div>
                     <div>
                        <b>Start time: </b>06:51:22
                     </div>
                     <div>
                        <b>End time: </b>06:51:22
                     </div>
                     <div>
                        <b>Duration: </b>54 ms
                        
                     </div>
                  </div>
               </td>
            </tr>
            <tr></tr>
            <tr id="com.qtpselenium.suiteB.Create_Employer_reportTestResult_byStatus_passed_PASS7_row"
                class="testMethodStatusPASS testMethodStatusCONF">
               <td width="100%" class="firstMethodCell">
                  <a onclick="toggleDetailsVisibility('com.qtpselenium.suiteB.Create_Employer_reportTestResult_byStatus_passed_PASS7_details')">reportTestResult()</a>
               </td>
               <td nowrap="true">06:51:22</td>
               <td nowrap="true" align="right">48 ms
                  
               </td>
               <td nowrap="true">
                   
                  
               </td>
            </tr>
            <tr>
               <td colspan="4" class="detailsBox">
                  <div id="com.qtpselenium.suiteB.Create_Employer_reportTestResult_byStatus_passed_PASS7_details"
                       class="testMethodDetails">
                     <div>
                        <b>Name: </b>reportTestResult
                     </div>
                     <div>
                        <b>Signature: </b>reportTestResult()[pri:0, instance:com.qtpselenium.suiteB.Create_Employer@2434cccc]
                     </div>
                     <div>
                        <b>Start time: </b>06:51:22
                     </div>
                     <div>
                        <b>End time: </b>06:51:22
                     </div>
                     <div>
                        <b>Duration: </b>48 ms
                        
                     </div>
                  </div>
               </td>
            </tr>
            <tr></tr>
            <tr id="com.qtpselenium.suiteB.Create_Guarantors_checkTestSkip_byStatus_passed_PASS8_row"
                class="testMethodStatusPASS testMethodStatusCONF">
               <td width="100%" class="firstMethodCell">
                  <a onclick="toggleDetailsVisibility('com.qtpselenium.suiteB.Create_Guarantors_checkTestSkip_byStatus_passed_PASS8_details')">checkTestSkip()</a>
               </td>
               <td nowrap="true">06:51:22</td>
               <td nowrap="true" align="right">1 ms
                  
               </td>
               <td nowrap="true">
                   
                  
               </td>
            </tr>
            <tr>
               <td colspan="4" class="detailsBox">
                  <div id="com.qtpselenium.suiteB.Create_Guarantors_checkTestSkip_byStatus_passed_PASS8_details"
                       class="testMethodDetails">
                     <div>
                        <b>Name: </b>checkTestSkip
                     </div>
                     <div>
                        <b>Signature: </b>checkTestSkip()[pri:0, instance:com.qtpselenium.suiteB.Create_Guarantors@1fd60031]
                     </div>
                     <div>
                        <b>Start time: </b>06:51:22
                     </div>
                     <div>
                        <b>End time: </b>06:51:22
                     </div>
                     <div>
                        <b>Duration: </b>1 ms
                        
                     </div>
                  </div>
               </td>
            </tr>
            <tr></tr>
            <tr id="com.qtpselenium.suiteB.Create_Guarantors_Guarantors_byStatus_passed_PASS9_row"
                class="testMethodStatusPASS">
               <td width="100%" class="firstMethodCell">
                  <a onclick="toggleDetailsVisibility('com.qtpselenium.suiteB.Create_Guarantors_Guarantors_byStatus_passed_PASS9_details')">Guarantors(John
                     
                     ,
                     
                     Ch
                     
                     ,
                     
                     Christian)
                  </a>
               </td>
               <td nowrap="true">06:51:22</td>
               <td nowrap="true" align="right">22s
                  
               </td>
               <td nowrap="true">
                   
                  
               </td>
            </tr>
            <tr>
               <td colspan="4" class="detailsBox">
                  <div id="com.qtpselenium.suiteB.Create_Guarantors_Guarantors_byStatus_passed_PASS9_details"
                       class="testMethodDetails">
                     <div>
                        <b>Name: </b>Guarantors
                     </div>
                     <div>
                        <b>Signature: </b>Guarantors(java.lang.String, java.lang.String, java.lang.String)[pri:0, instance:com.qtpselenium.suiteB.Create_Guarantors@1fd60031]
                     </div>
                     <div>
                        <b>Parameters: </b>
                        
                        John
                        
                        ,
                        
                        Ch
                        
                        ,
                        
                        Christian
                        
                        
                     </div>
                     <div>
                        <b>Start time: </b>06:51:22
                     </div>
                     <div>
                        <b>End time: </b>06:51:44
                     </div>
                     <div>
                        <b>Duration: </b>22s
                        
                     </div>
                  </div>
               </td>
            </tr>
            <tr></tr>
            <tr id="com.qtpselenium.suiteB.Create_Guarantors_reportDataSetResult_byStatus_passed_PASS10_row"
                class="testMethodStatusPASS testMethodStatusCONF">
               <td width="100%" class="firstMethodCell">
                  <a onclick="toggleDetailsVisibility('com.qtpselenium.suiteB.Create_Guarantors_reportDataSetResult_byStatus_passed_PASS10_details')">reportDataSetResult()</a>
               </td>
               <td nowrap="true">06:51:45</td>
               <td nowrap="true" align="right">48 ms
                  
               </td>
               <td nowrap="true">
                   
                  
               </td>
            </tr>
            <tr>
               <td colspan="4" class="detailsBox">
                  <div id="com.qtpselenium.suiteB.Create_Guarantors_reportDataSetResult_byStatus_passed_PASS10_details"
                       class="testMethodDetails">
                     <div>
                        <b>Name: </b>reportDataSetResult
                     </div>
                     <div>
                        <b>Signature: </b>reportDataSetResult()[pri:0, instance:com.qtpselenium.suiteB.Create_Guarantors@1fd60031]
                     </div>
                     <div>
                        <b>Start time: </b>06:51:45
                     </div>
                     <div>
                        <b>End time: </b>06:51:45
                     </div>
                     <div>
                        <b>Duration: </b>48 ms
                        
                     </div>
                  </div>
               </td>
            </tr>
            <tr></tr>
            <tr id="com.qtpselenium.suiteB.Create_Guarantors_reportTestResult_byStatus_passed_PASS11_row"
                class="testMethodStatusPASS testMethodStatusCONF">
               <td width="100%" class="firstMethodCell">
                  <a onclick="toggleDetailsVisibility('com.qtpselenium.suiteB.Create_Guarantors_reportTestResult_byStatus_passed_PASS11_details')">reportTestResult()</a>
               </td>
               <td nowrap="true">06:51:45</td>
               <td nowrap="true" align="right">41 ms
                  
               </td>
               <td nowrap="true">
                   
                  
               </td>
            </tr>
            <tr>
               <td colspan="4" class="detailsBox">
                  <div id="com.qtpselenium.suiteB.Create_Guarantors_reportTestResult_byStatus_passed_PASS11_details"
                       class="testMethodDetails">
                     <div>
                        <b>Name: </b>reportTestResult
                     </div>
                     <div>
                        <b>Signature: </b>reportTestResult()[pri:0, instance:com.qtpselenium.suiteB.Create_Guarantors@1fd60031]
                     </div>
                     <div>
                        <b>Start time: </b>06:51:45
                     </div>
                     <div>
                        <b>End time: </b>06:51:45
                     </div>
                     <div>
                        <b>Duration: </b>41 ms
                        
                     </div>
                  </div>
               </td>
            </tr>
            <tr></tr>
            <tr id="com.qtpselenium.suiteB.Create_CaseManager_checkSuiteSkip_byStatus_passed_PASS12_row"
                class="testMethodStatusPASS testMethodStatusCONF">
               <td width="100%" class="firstMethodCell">
                  <a onclick="toggleDetailsVisibility('com.qtpselenium.suiteB.Create_CaseManager_checkSuiteSkip_byStatus_passed_PASS12_details')">checkSuiteSkip()</a>
               </td>
               <td nowrap="true">06:49:02</td>
               <td nowrap="true" align="right">686 ms
                  
               </td>
               <td nowrap="true">
                   
                  
               </td>
            </tr>
            <tr>
               <td colspan="4" class="detailsBox">
                  <div id="com.qtpselenium.suiteB.Create_CaseManager_checkSuiteSkip_byStatus_passed_PASS12_details"
                       class="testMethodDetails">
                     <div>
                        <b>Name: </b>checkSuiteSkip
                     </div>
                     <div>
                        <b>Signature: </b>checkSuiteSkip()[pri:0, instance:com.qtpselenium.suiteB.Create_CaseManager@391fc13d]
                     </div>
                     <div>
                        <b>Start time: </b>06:49:02
                     </div>
                     <div>
                        <b>End time: </b>06:49:03
                     </div>
                     <div>
                        <b>Duration: </b>686 ms
                        
                     </div>
                  </div>
               </td>
            </tr>
            <tr></tr>
            <tr id="com.qtpselenium.suiteB.Create_CaseManager_checkTestSkip_byStatus_passed_PASS13_row"
                class="testMethodStatusPASS testMethodStatusCONF">
               <td width="100%" class="firstMethodCell">
                  <a onclick="toggleDetailsVisibility('com.qtpselenium.suiteB.Create_CaseManager_checkTestSkip_byStatus_passed_PASS13_details')">checkTestSkip()</a>
               </td>
               <td nowrap="true">06:51:45</td>
               <td nowrap="true" align="right">1 ms
                  
               </td>
               <td nowrap="true">
                   
                  
               </td>
            </tr>
            <tr>
               <td colspan="4" class="detailsBox">
                  <div id="com.qtpselenium.suiteB.Create_CaseManager_checkTestSkip_byStatus_passed_PASS13_details"
                       class="testMethodDetails">
                     <div>
                        <b>Name: </b>checkTestSkip
                     </div>
                     <div>
                        <b>Signature: </b>checkTestSkip()[pri:0, instance:com.qtpselenium.suiteB.Create_CaseManager@391fc13d]
                     </div>
                     <div>
                        <b>Start time: </b>06:51:45
                     </div>
                     <div>
                        <b>End time: </b>06:51:45
                     </div>
                     <div>
                        <b>Duration: </b>1 ms
                        
                     </div>
                  </div>
               </td>
            </tr>
            <tr></tr>
            <tr id="com.qtpselenium.suiteB.Create_CaseManager_create_CaseManager_byStatus_passed_PASS14_row"
                class="testMethodStatusPASS">
               <td width="100%" class="firstMethodCell">
                  <a onclick="toggleDetailsVisibility('com.qtpselenium.suiteB.Create_CaseManager_create_CaseManager_byStatus_passed_PASS14_details')">create_CaseManager(John
                     
                     ,
                     
                     Khan
                     
                     ,
                     
                     Dummy Data_B1_3
                     
                     ,
                     
                     Dummy Data_B1_4)
                  </a>
               </td>
               <td nowrap="true">06:51:45</td>
               <td nowrap="true" align="right">3m
                  32s
                  
               </td>
               <td nowrap="true">
                   
                  
               </td>
            </tr>
            <tr>
               <td colspan="4" class="detailsBox">
                  <div id="com.qtpselenium.suiteB.Create_CaseManager_create_CaseManager_byStatus_passed_PASS14_details"
                       class="testMethodDetails">
                     <div>
                        <b>Name: </b>create_CaseManager
                     </div>
                     <div>
                        <b>Signature: </b>create_CaseManager(java.lang.String, java.lang.String, java.lang.String, java.lang.String)[pri:0, instance:com.qtpselenium.suiteB.Create_CaseManager@391fc13d]
                     </div>
                     <div>
                        <b>Parameters: </b>
                        
                        John
                        
                        ,
                        
                        Khan
                        
                        ,
                        
                        Dummy Data_B1_3
                        
                        ,
                        
                        Dummy Data_B1_4
                        
                        
                     </div>
                     <div>
                        <b>Start time: </b>06:51:45
                     </div>
                     <div>
                        <b>End time: </b>06:54:17
                     </div>
                     <div>
                        <b>Duration: </b>3m
                        32s
                        
                     </div>
                  </div>
               </td>
            </tr>
            <tr></tr>
            <tr id="com.qtpselenium.suiteB.Create_CaseManager_reportDataSetResult_byStatus_passed_PASS15_row"
                class="testMethodStatusPASS testMethodStatusCONF">
               <td width="100%" class="firstMethodCell">
                  <a onclick="toggleDetailsVisibility('com.qtpselenium.suiteB.Create_CaseManager_reportDataSetResult_byStatus_passed_PASS15_details')">reportDataSetResult()</a>
               </td>
               <td nowrap="true">06:54:19</td>
               <td nowrap="true" align="right">34 ms
                  
               </td>
               <td nowrap="true">
                   
                  
               </td>
            </tr>
            <tr>
               <td colspan="4" class="detailsBox">
                  <div id="com.qtpselenium.suiteB.Create_CaseManager_reportDataSetResult_byStatus_passed_PASS15_details"
                       class="testMethodDetails">
                     <div>
                        <b>Name: </b>reportDataSetResult
                     </div>
                     <div>
                        <b>Signature: </b>reportDataSetResult()[pri:0, instance:com.qtpselenium.suiteB.Create_CaseManager@391fc13d]
                     </div>
                     <div>
                        <b>Start time: </b>06:54:19
                     </div>
                     <div>
                        <b>End time: </b>06:54:19
                     </div>
                     <div>
                        <b>Duration: </b>34 ms
                        
                     </div>
                  </div>
               </td>
            </tr>
            <tr></tr>
            <tr id="com.qtpselenium.suiteB.Create_CaseManager_reportTestResult_byStatus_passed_PASS16_row"
                class="testMethodStatusPASS testMethodStatusCONF">
               <td width="100%" class="firstMethodCell">
                  <a onclick="toggleDetailsVisibility('com.qtpselenium.suiteB.Create_CaseManager_reportTestResult_byStatus_passed_PASS16_details')">reportTestResult()</a>
               </td>
               <td nowrap="true">06:54:19</td>
               <td nowrap="true" align="right">34 ms
                  
               </td>
               <td nowrap="true">
                   
                  
               </td>
            </tr>
            <tr>
               <td colspan="4" class="detailsBox">
                  <div id="com.qtpselenium.suiteB.Create_CaseManager_reportTestResult_byStatus_passed_PASS16_details"
                       class="testMethodDetails">
                     <div>
                        <b>Name: </b>reportTestResult
                     </div>
                     <div>
                        <b>Signature: </b>reportTestResult()[pri:0, instance:com.qtpselenium.suiteB.Create_CaseManager@391fc13d]
                     </div>
                     <div>
                        <b>Start time: </b>06:54:19
                     </div>
                     <div>
                        <b>End time: </b>06:54:19
                     </div>
                     <div>
                        <b>Duration: </b>34 ms
                        
                     </div>
                  </div>
               </td>
            </tr>
            <tr></tr>
         </table>
      </div>
      <div id="testMethodsByClass" style="display: none;">
         <table class="testMethodsTable" cellpadding="0" cellspacing="0">
            <tr>
               <td colspan="4">
                  <h3 style="display: inline;">com.qtpselenium.suiteB.Create_Appointment</h3>
               </td>
            </tr>
            <tr class="methodsTableHeader">
               <td width="100%">Name</td>
               <td nowrap="true">Started</td>
               <td nowrap="true">Duration</td>
               <td>Exception</td>
            </tr>
            <tr id="com.qtpselenium.suiteB.Create_Appointment_checkTestSkip_byClass_PASS1_row"
                class="testMethodStatusPASS testMethodStatusCONF">
               <td width="100%" class="firstMethodCell">
                  <a onclick="toggleDetailsVisibility('com.qtpselenium.suiteB.Create_Appointment_checkTestSkip_byClass_PASS1_details')">checkTestSkip()</a>
               </td>
               <td nowrap="true">06:49:03</td>
               <td nowrap="true" align="right">2 ms
                  
               </td>
               <td nowrap="true">
                   
                  
               </td>
            </tr>
            <tr>
               <td colspan="4" class="detailsBox">
                  <div id="com.qtpselenium.suiteB.Create_Appointment_checkTestSkip_byClass_PASS1_details"
                       class="testMethodDetails">
                     <div>
                        <b>Name: </b>checkTestSkip
                     </div>
                     <div>
                        <b>Signature: </b>checkTestSkip()[pri:0, instance:com.qtpselenium.suiteB.Create_Appointment@5f0ab5d]
                     </div>
                     <div>
                        <b>Start time: </b>06:49:03
                     </div>
                     <div>
                        <b>End time: </b>06:49:03
                     </div>
                     <div>
                        <b>Duration: </b>2 ms
                        
                     </div>
                  </div>
               </td>
            </tr>
            <tr></tr>
            <tr id="com.qtpselenium.suiteB.Create_Appointment_create_Appointment_byClass_FAIL2_row"
                class="testMethodStatusFAIL">
               <td width="100%" class="firstMethodCell">
                  <a onclick="toggleDetailsVisibility('com.qtpselenium.suiteB.Create_Appointment_create_Appointment_byClass_FAIL2_details')">create_Appointment(Dummy Data_B1_1
                     
                     ,
                     
                     Dummy Data_B1_2
                     
                     ,
                     
                     Dummy Data_B1_3
                     
                     ,
                     
                     Dummy Data_B1_4)
                  </a>
               </td>
               <td nowrap="true">06:49:03</td>
               <td nowrap="true" align="right">2m
                  50s
                  
               </td>
               <td nowrap="true">
                  <a onclick="toggleDetailsVisibility('com.qtpselenium.suiteB.Create_Appointment_create_Appointment_byClass_FAIL2_exception')">org.openqa.selenium.NoSuchElementException: 
                     no such element
                     (Session info: chrome=52.0.2743.116)
                     (Driver info: chromedriver=2.14.313457 (3d645c400edf2e2c500566c9aa096063e707c9cf),platform=Windows NT 6.1 SP1 x86_64) (WARNING:
                     The server did not provide any stacktrace information)
                     Command duration or timeout: 5.06 seconds
                     For documentation on this error, please visit: http://seleniumhq.org/exceptions/no_such_element.html
                     Build info: version: '2.44.0', revision: '76d78cf', time: '2014-10-23 20:03:00'
                     System info: host: 'ATLANTISPC-274', ip: '169.254.211.214', os.name: 'Windows 7', os.arch: 'amd64', os.version: '6.1', java.version:
                     '1.7.0_79'
                     Session ID: 20fccd5631466a151c0695f76729945e
                     Driver info: org.openqa.selenium.chrome.ChromeDriver
                     Capabilities [{platform=XP, acceptSslCerts=true, javascriptEnabled=true, browserName=chrome, chrome={userDataDir=C:\Users\aakarg\AppData\Local\Temp\scoped_dir9668_31820},
                     rotatable=false, locationContextEnabled=true, mobileEmulationEnabled=false, version=52.0.2743.116, takesHeapSnapshot=true,
                     cssSelectorsEnabled=true, databaseEnabled=false, handlesAlerts=true, browserConnectionEnabled=false, webStorageEnabled=true,
                     nativeEvents=true, applicationCacheEnabled=false, takesScreenshot=true}]
                     
                  </a>
                   
                  
               </td>
            </tr>
            <tr>
               <td colspan="4" class="detailsBox">
                  <div id="com.qtpselenium.suiteB.Create_Appointment_create_Appointment_byClass_FAIL2_details"
                       class="testMethodDetails">
                     <div>
                        <b>Name: </b>create_Appointment
                     </div>
                     <div>
                        <b>Signature: </b>create_Appointment(java.lang.String, java.lang.String, java.lang.String, java.lang.String)[pri:0, instance:com.qtpselenium.suiteB.Create_Appointment@5f0ab5d]
                     </div>
                     <div>
                        <b>Parameters: </b>
                        
                        Dummy Data_B1_1
                        
                        ,
                        
                        Dummy Data_B1_2
                        
                        ,
                        
                        Dummy Data_B1_3
                        
                        ,
                        
                        Dummy Data_B1_4
                        
                        
                     </div>
                     <div>
                        <b>Start time: </b>06:49:03
                     </div>
                     <div>
                        <b>End time: </b>06:50:53
                     </div>
                     <div>
                        <b>Duration: </b>2m
                        50s
                        
                     </div>
                  </div>
               </td>
            </tr>
            <tr>
               <td colspan="4" class="detailsBox">
                  <div id="com.qtpselenium.suiteB.Create_Appointment_create_Appointment_byClass_FAIL2_exception"
                       class="testMethodDetails">
                     <pre style="padding: 5px; margin: 0;">org.openqa.selenium.NoSuchElementException: no such element
                        (Session info: chrome=52.0.2743.116)
                        (Driver info: chromedriver=2.14.313457 (3d645c400edf2e2c500566c9aa096063e707c9cf),platform=Windows NT 6.1 SP1 x86_64) (WARNING:
                        The server did not provide any stacktrace information)
                        Command duration or timeout: 5.06 seconds
                        For documentation on this error, please visit: http://seleniumhq.org/exceptions/no_such_element.html
                        Build info: version: '2.44.0', revision: '76d78cf', time: '2014-10-23 20:03:00'
                        System info: host: 'ATLANTISPC-274', ip: '169.254.211.214', os.name: 'Windows 7', os.arch: 'amd64', os.version: '6.1', java.version:
                        '1.7.0_79'
                        Session ID: 20fccd5631466a151c0695f76729945e
                        Driver info: org.openqa.selenium.chrome.ChromeDriver
                        Capabilities [{platform=XP, acceptSslCerts=true, javascriptEnabled=true, browserName=chrome, chrome={userDataDir=C:\Users\aakarg\AppData\Local\Temp\scoped_dir9668_31820},
                        rotatable=false, locationContextEnabled=true, mobileEmulationEnabled=false, version=52.0.2743.116, takesHeapSnapshot=true,
                        cssSelectorsEnabled=true, databaseEnabled=false, handlesAlerts=true, browserConnectionEnabled=false, webStorageEnabled=true,
                        nativeEvents=true, applicationCacheEnabled=false, takesScreenshot=true}]
                        	at sun.reflect.NativeConstructorAccessorImpl.newInstance0(Native Method)
                        	at sun.reflect.NativeConstructorAccessorImpl.newInstance(NativeConstructorAccessorImpl.java:57)
                        	at sun.reflect.DelegatingConstructorAccessorImpl.newInstance(DelegatingConstructorAccessorImpl.java:45)
                        	at java.lang.reflect.Constructor.newInstance(Constructor.java:526)
                        	at org.openqa.selenium.remote.ErrorHandler.createThrowable(ErrorHandler.java:204)
                        	at org.openqa.selenium.remote.ErrorHandler.throwIfResponseFailed(ErrorHandler.java:156)
                        	at org.openqa.selenium.remote.RemoteWebDriver.execute(RemoteWebDriver.java:599)
                        	at org.openqa.selenium.remote.RemoteWebDriver.findElement(RemoteWebDriver.java:352)
                        	at org.openqa.selenium.remote.RemoteWebDriver.findElementByXPath(RemoteWebDriver.java:449)
                        	at org.openqa.selenium.By$ByXPath.findElement(By.java:357)
                        	at org.openqa.selenium.remote.RemoteWebDriver.findElement(RemoteWebDriver.java:344)
                        	at com.qtpselenium.suiteB.Create_Appointment.create_Appointment(Create_Appointment.java:102)
                        	at sun.reflect.NativeMethodAccessorImpl.invoke0(Native Method)
                        	at sun.reflect.NativeMethodAccessorImpl.invoke(NativeMethodAccessorImpl.java:57)
                        	at sun.reflect.DelegatingMethodAccessorImpl.invoke(DelegatingMethodAccessorImpl.java:43)
                        	at java.lang.reflect.Method.invoke(Method.java:606)
                        	at org.testng.internal.MethodInvocationHelper.invokeMethod(MethodInvocationHelper.java:84)
                        	at org.testng.internal.Invoker.invokeMethod(Invoker.java:714)
                        	at org.testng.internal.Invoker.invokeTestMethod(Invoker.java:901)
                        	at org.testng.internal.Invoker.invokeTestMethods(Invoker.java:1231)
                        	at org.testng.internal.TestMethodWorker.invokeTestMethods(TestMethodWorker.java:127)
                        	at org.testng.internal.TestMethodWorker.run(TestMethodWorker.java:111)
                        	at org.testng.TestRunner.privateRun(TestRunner.java:767)
                        	at org.testng.TestRunner.run(TestRunner.java:617)
                        	at org.testng.SuiteRunner.runTest(SuiteRunner.java:334)
                        	at org.testng.SuiteRunner.runSequentially(SuiteRunner.java:329)
                        	at org.testng.SuiteRunner.privateRun(SuiteRunner.java:291)
                        	at org.testng.SuiteRunner.run(SuiteRunner.java:240)
                        	at org.testng.SuiteRunnerWorker.runSuite(SuiteRunnerWorker.java:52)
                        	at org.testng.SuiteRunnerWorker.run(SuiteRunnerWorker.java:86)
                        	at org.testng.TestNG.runSuitesSequentially(TestNG.java:1224)
                        	at org.testng.TestNG.runSuitesSequentially(TestNG.java:1220)
                        	at org.testng.TestNG.runSuitesLocally(TestNG.java:1149)
                        	at org.testng.TestNG.run(TestNG.java:1057)
                        	at org.testng.TestNG.privateMain(TestNG.java:1364)
                        	at org.testng.TestNG.main(TestNG.java:1333)
                     </pre>
                  </div>
               </td>
            </tr>
            <tr id="com.qtpselenium.suiteB.Create_Appointment_reportDataSetResult_byClass_PASS3_row"
                class="testMethodStatusPASS testMethodStatusCONF">
               <td width="100%" class="firstMethodCell">
                  <a onclick="toggleDetailsVisibility('com.qtpselenium.suiteB.Create_Appointment_reportDataSetResult_byClass_PASS3_details')">reportDataSetResult()</a>
               </td>
               <td nowrap="true">06:50:58</td>
               <td nowrap="true" align="right">83 ms
                  
               </td>
               <td nowrap="true">
                   
                  
               </td>
            </tr>
            <tr>
               <td colspan="4" class="detailsBox">
                  <div id="com.qtpselenium.suiteB.Create_Appointment_reportDataSetResult_byClass_PASS3_details"
                       class="testMethodDetails">
                     <div>
                        <b>Name: </b>reportDataSetResult
                     </div>
                     <div>
                        <b>Signature: </b>reportDataSetResult()[pri:0, instance:com.qtpselenium.suiteB.Create_Appointment@5f0ab5d]
                     </div>
                     <div>
                        <b>Start time: </b>06:50:58
                     </div>
                     <div>
                        <b>End time: </b>06:50:58
                     </div>
                     <div>
                        <b>Duration: </b>83 ms
                        
                     </div>
                  </div>
               </td>
            </tr>
            <tr></tr>
            <tr id="com.qtpselenium.suiteB.Create_Appointment_reportTestResult_byClass_PASS4_row"
                class="testMethodStatusPASS testMethodStatusCONF">
               <td width="100%" class="firstMethodCell">
                  <a onclick="toggleDetailsVisibility('com.qtpselenium.suiteB.Create_Appointment_reportTestResult_byClass_PASS4_details')">reportTestResult()</a>
               </td>
               <td nowrap="true">06:50:58</td>
               <td nowrap="true" align="right">85 ms
                  
               </td>
               <td nowrap="true">
                   
                  
               </td>
            </tr>
            <tr>
               <td colspan="4" class="detailsBox">
                  <div id="com.qtpselenium.suiteB.Create_Appointment_reportTestResult_byClass_PASS4_details"
                       class="testMethodDetails">
                     <div>
                        <b>Name: </b>reportTestResult
                     </div>
                     <div>
                        <b>Signature: </b>reportTestResult()[pri:0, instance:com.qtpselenium.suiteB.Create_Appointment@5f0ab5d]
                     </div>
                     <div>
                        <b>Start time: </b>06:50:58
                     </div>
                     <div>
                        <b>End time: </b>06:50:58
                     </div>
                     <div>
                        <b>Duration: </b>85 ms
                        
                     </div>
                  </div>
               </td>
            </tr>
            <tr></tr>
         </table>
         <br></br>
         <table class="testMethodsTable" cellpadding="0" cellspacing="0">
            <tr>
               <td colspan="4">
                  <h3 style="display: inline;">com.qtpselenium.suiteB.Create_CaseManager</h3>
               </td>
            </tr>
            <tr class="methodsTableHeader">
               <td width="100%">Name</td>
               <td nowrap="true">Started</td>
               <td nowrap="true">Duration</td>
               <td>Exception</td>
            </tr>
            <tr id="com.qtpselenium.suiteB.Create_CaseManager_checkSuiteSkip_byClass_PASS1_row"
                class="testMethodStatusPASS testMethodStatusCONF">
               <td width="100%" class="firstMethodCell">
                  <a onclick="toggleDetailsVisibility('com.qtpselenium.suiteB.Create_CaseManager_checkSuiteSkip_byClass_PASS1_details')">checkSuiteSkip()</a>
               </td>
               <td nowrap="true">06:49:02</td>
               <td nowrap="true" align="right">686 ms
                  
               </td>
               <td nowrap="true">
                   
                  
               </td>
            </tr>
            <tr>
               <td colspan="4" class="detailsBox">
                  <div id="com.qtpselenium.suiteB.Create_CaseManager_checkSuiteSkip_byClass_PASS1_details"
                       class="testMethodDetails">
                     <div>
                        <b>Name: </b>checkSuiteSkip
                     </div>
                     <div>
                        <b>Signature: </b>checkSuiteSkip()[pri:0, instance:com.qtpselenium.suiteB.Create_CaseManager@391fc13d]
                     </div>
                     <div>
                        <b>Start time: </b>06:49:02
                     </div>
                     <div>
                        <b>End time: </b>06:49:03
                     </div>
                     <div>
                        <b>Duration: </b>686 ms
                        
                     </div>
                  </div>
               </td>
            </tr>
            <tr></tr>
            <tr id="com.qtpselenium.suiteB.Create_CaseManager_checkTestSkip_byClass_PASS2_row"
                class="testMethodStatusPASS testMethodStatusCONF">
               <td width="100%" class="firstMethodCell">
                  <a onclick="toggleDetailsVisibility('com.qtpselenium.suiteB.Create_CaseManager_checkTestSkip_byClass_PASS2_details')">checkTestSkip()</a>
               </td>
               <td nowrap="true">06:51:45</td>
               <td nowrap="true" align="right">1 ms
                  
               </td>
               <td nowrap="true">
                   
                  
               </td>
            </tr>
            <tr>
               <td colspan="4" class="detailsBox">
                  <div id="com.qtpselenium.suiteB.Create_CaseManager_checkTestSkip_byClass_PASS2_details"
                       class="testMethodDetails">
                     <div>
                        <b>Name: </b>checkTestSkip
                     </div>
                     <div>
                        <b>Signature: </b>checkTestSkip()[pri:0, instance:com.qtpselenium.suiteB.Create_CaseManager@391fc13d]
                     </div>
                     <div>
                        <b>Start time: </b>06:51:45
                     </div>
                     <div>
                        <b>End time: </b>06:51:45
                     </div>
                     <div>
                        <b>Duration: </b>1 ms
                        
                     </div>
                  </div>
               </td>
            </tr>
            <tr></tr>
            <tr id="com.qtpselenium.suiteB.Create_CaseManager_create_CaseManager_byClass_PASS3_row"
                class="testMethodStatusPASS">
               <td width="100%" class="firstMethodCell">
                  <a onclick="toggleDetailsVisibility('com.qtpselenium.suiteB.Create_CaseManager_create_CaseManager_byClass_PASS3_details')">create_CaseManager(John
                     
                     ,
                     
                     Khan
                     
                     ,
                     
                     Dummy Data_B1_3
                     
                     ,
                     
                     Dummy Data_B1_4)
                  </a>
               </td>
               <td nowrap="true">06:51:45</td>
               <td nowrap="true" align="right">3m
                  32s
                  
               </td>
               <td nowrap="true">
                   
                  
               </td>
            </tr>
            <tr>
               <td colspan="4" class="detailsBox">
                  <div id="com.qtpselenium.suiteB.Create_CaseManager_create_CaseManager_byClass_PASS3_details"
                       class="testMethodDetails">
                     <div>
                        <b>Name: </b>create_CaseManager
                     </div>
                     <div>
                        <b>Signature: </b>create_CaseManager(java.lang.String, java.lang.String, java.lang.String, java.lang.String)[pri:0, instance:com.qtpselenium.suiteB.Create_CaseManager@391fc13d]
                     </div>
                     <div>
                        <b>Parameters: </b>
                        
                        John
                        
                        ,
                        
                        Khan
                        
                        ,
                        
                        Dummy Data_B1_3
                        
                        ,
                        
                        Dummy Data_B1_4
                        
                        
                     </div>
                     <div>
                        <b>Start time: </b>06:51:45
                     </div>
                     <div>
                        <b>End time: </b>06:54:17
                     </div>
                     <div>
                        <b>Duration: </b>3m
                        32s
                        
                     </div>
                  </div>
               </td>
            </tr>
            <tr></tr>
            <tr id="com.qtpselenium.suiteB.Create_CaseManager_reportDataSetResult_byClass_PASS4_row"
                class="testMethodStatusPASS testMethodStatusCONF">
               <td width="100%" class="firstMethodCell">
                  <a onclick="toggleDetailsVisibility('com.qtpselenium.suiteB.Create_CaseManager_reportDataSetResult_byClass_PASS4_details')">reportDataSetResult()</a>
               </td>
               <td nowrap="true">06:54:19</td>
               <td nowrap="true" align="right">34 ms
                  
               </td>
               <td nowrap="true">
                   
                  
               </td>
            </tr>
            <tr>
               <td colspan="4" class="detailsBox">
                  <div id="com.qtpselenium.suiteB.Create_CaseManager_reportDataSetResult_byClass_PASS4_details"
                       class="testMethodDetails">
                     <div>
                        <b>Name: </b>reportDataSetResult
                     </div>
                     <div>
                        <b>Signature: </b>reportDataSetResult()[pri:0, instance:com.qtpselenium.suiteB.Create_CaseManager@391fc13d]
                     </div>
                     <div>
                        <b>Start time: </b>06:54:19
                     </div>
                     <div>
                        <b>End time: </b>06:54:19
                     </div>
                     <div>
                        <b>Duration: </b>34 ms
                        
                     </div>
                  </div>
               </td>
            </tr>
            <tr></tr>
            <tr id="com.qtpselenium.suiteB.Create_CaseManager_reportTestResult_byClass_PASS5_row"
                class="testMethodStatusPASS testMethodStatusCONF">
               <td width="100%" class="firstMethodCell">
                  <a onclick="toggleDetailsVisibility('com.qtpselenium.suiteB.Create_CaseManager_reportTestResult_byClass_PASS5_details')">reportTestResult()</a>
               </td>
               <td nowrap="true">06:54:19</td>
               <td nowrap="true" align="right">34 ms
                  
               </td>
               <td nowrap="true">
                   
                  
               </td>
            </tr>
            <tr>
               <td colspan="4" class="detailsBox">
                  <div id="com.qtpselenium.suiteB.Create_CaseManager_reportTestResult_byClass_PASS5_details"
                       class="testMethodDetails">
                     <div>
                        <b>Name: </b>reportTestResult
                     </div>
                     <div>
                        <b>Signature: </b>reportTestResult()[pri:0, instance:com.qtpselenium.suiteB.Create_CaseManager@391fc13d]
                     </div>
                     <div>
                        <b>Start time: </b>06:54:19
                     </div>
                     <div>
                        <b>End time: </b>06:54:19
                     </div>
                     <div>
                        <b>Duration: </b>34 ms
                        
                     </div>
                  </div>
               </td>
            </tr>
            <tr></tr>
         </table>
         <br></br>
         <table class="testMethodsTable" cellpadding="0" cellspacing="0">
            <tr>
               <td colspan="4">
                  <h3 style="display: inline;">com.qtpselenium.suiteB.Create_Employer</h3>
               </td>
            </tr>
            <tr class="methodsTableHeader">
               <td width="100%">Name</td>
               <td nowrap="true">Started</td>
               <td nowrap="true">Duration</td>
               <td>Exception</td>
            </tr>
            <tr id="com.qtpselenium.suiteB.Create_Employer_checkTestSkip_byClass_PASS1_row"
                class="testMethodStatusPASS testMethodStatusCONF">
               <td width="100%" class="firstMethodCell">
                  <a onclick="toggleDetailsVisibility('com.qtpselenium.suiteB.Create_Employer_checkTestSkip_byClass_PASS1_details')">checkTestSkip()</a>
               </td>
               <td nowrap="true">06:50:58</td>
               <td nowrap="true" align="right">2 ms
                  
               </td>
               <td nowrap="true">
                   
                  
               </td>
            </tr>
            <tr>
               <td colspan="4" class="detailsBox">
                  <div id="com.qtpselenium.suiteB.Create_Employer_checkTestSkip_byClass_PASS1_details"
                       class="testMethodDetails">
                     <div>
                        <b>Name: </b>checkTestSkip
                     </div>
                     <div>
                        <b>Signature: </b>checkTestSkip()[pri:0, instance:com.qtpselenium.suiteB.Create_Employer@2434cccc]
                     </div>
                     <div>
                        <b>Start time: </b>06:50:58
                     </div>
                     <div>
                        <b>End time: </b>06:50:58
                     </div>
                     <div>
                        <b>Duration: </b>2 ms
                        
                     </div>
                  </div>
               </td>
            </tr>
            <tr></tr>
            <tr id="com.qtpselenium.suiteB.Create_Employer_create_employer_byClass_PASS2_row"
                class="testMethodStatusPASS">
               <td width="100%" class="firstMethodCell">
                  <a onclick="toggleDetailsVisibility('com.qtpselenium.suiteB.Create_Employer_create_employer_byClass_PASS2_details')">create_employer(prakash
                     
                     ,
                     
                     Arizona
                     
                     ,
                     
                     New Jersy
                     
                     ,
                     
                     abc@gmaiol.com)
                  </a>
               </td>
               <td nowrap="true">06:50:58</td>
               <td nowrap="true" align="right">22s
                  
               </td>
               <td nowrap="true">
                   
                  
               </td>
            </tr>
            <tr>
               <td colspan="4" class="detailsBox">
                  <div id="com.qtpselenium.suiteB.Create_Employer_create_employer_byClass_PASS2_details"
                       class="testMethodDetails">
                     <div>
                        <b>Name: </b>create_employer
                     </div>
                     <div>
                        <b>Signature: </b>create_employer(java.lang.String, java.lang.String, java.lang.String, java.lang.String)[pri:0, instance:com.qtpselenium.suiteB.Create_Employer@2434cccc]
                     </div>
                     <div>
                        <b>Parameters: </b>
                        
                        prakash
                        
                        ,
                        
                        Arizona
                        
                        ,
                        
                        New Jersy
                        
                        ,
                        
                        abc@gmaiol.com
                        
                        
                     </div>
                     <div>
                        <b>Start time: </b>06:50:58
                     </div>
                     <div>
                        <b>End time: </b>06:51:20
                     </div>
                     <div>
                        <b>Duration: </b>22s
                        
                     </div>
                  </div>
               </td>
            </tr>
            <tr></tr>
            <tr id="com.qtpselenium.suiteB.Create_Employer_reportDataSetResult_byClass_PASS3_row"
                class="testMethodStatusPASS testMethodStatusCONF">
               <td width="100%" class="firstMethodCell">
                  <a onclick="toggleDetailsVisibility('com.qtpselenium.suiteB.Create_Employer_reportDataSetResult_byClass_PASS3_details')">reportDataSetResult()</a>
               </td>
               <td nowrap="true">06:51:22</td>
               <td nowrap="true" align="right">54 ms
                  
               </td>
               <td nowrap="true">
                   
                  
               </td>
            </tr>
            <tr>
               <td colspan="4" class="detailsBox">
                  <div id="com.qtpselenium.suiteB.Create_Employer_reportDataSetResult_byClass_PASS3_details"
                       class="testMethodDetails">
                     <div>
                        <b>Name: </b>reportDataSetResult
                     </div>
                     <div>
                        <b>Signature: </b>reportDataSetResult()[pri:0, instance:com.qtpselenium.suiteB.Create_Employer@2434cccc]
                     </div>
                     <div>
                        <b>Start time: </b>06:51:22
                     </div>
                     <div>
                        <b>End time: </b>06:51:22
                     </div>
                     <div>
                        <b>Duration: </b>54 ms
                        
                     </div>
                  </div>
               </td>
            </tr>
            <tr></tr>
            <tr id="com.qtpselenium.suiteB.Create_Employer_reportTestResult_byClass_PASS4_row"
                class="testMethodStatusPASS testMethodStatusCONF">
               <td width="100%" class="firstMethodCell">
                  <a onclick="toggleDetailsVisibility('com.qtpselenium.suiteB.Create_Employer_reportTestResult_byClass_PASS4_details')">reportTestResult()</a>
               </td>
               <td nowrap="true">06:51:22</td>
               <td nowrap="true" align="right">48 ms
                  
               </td>
               <td nowrap="true">
                   
                  
               </td>
            </tr>
            <tr>
               <td colspan="4" class="detailsBox">
                  <div id="com.qtpselenium.suiteB.Create_Employer_reportTestResult_byClass_PASS4_details"
                       class="testMethodDetails">
                     <div>
                        <b>Name: </b>reportTestResult
                     </div>
                     <div>
                        <b>Signature: </b>reportTestResult()[pri:0, instance:com.qtpselenium.suiteB.Create_Employer@2434cccc]
                     </div>
                     <div>
                        <b>Start time: </b>06:51:22
                     </div>
                     <div>
                        <b>End time: </b>06:51:22
                     </div>
                     <div>
                        <b>Duration: </b>48 ms
                        
                     </div>
                  </div>
               </td>
            </tr>
            <tr></tr>
         </table>
         <br></br>
         <table class="testMethodsTable" cellpadding="0" cellspacing="0">
            <tr>
               <td colspan="4">
                  <h3 style="display: inline;">com.qtpselenium.suiteB.Create_Guarantors</h3>
               </td>
            </tr>
            <tr class="methodsTableHeader">
               <td width="100%">Name</td>
               <td nowrap="true">Started</td>
               <td nowrap="true">Duration</td>
               <td>Exception</td>
            </tr>
            <tr id="com.qtpselenium.suiteB.Create_Guarantors_checkTestSkip_byClass_PASS1_row"
                class="testMethodStatusPASS testMethodStatusCONF">
               <td width="100%" class="firstMethodCell">
                  <a onclick="toggleDetailsVisibility('com.qtpselenium.suiteB.Create_Guarantors_checkTestSkip_byClass_PASS1_details')">checkTestSkip()</a>
               </td>
               <td nowrap="true">06:51:22</td>
               <td nowrap="true" align="right">1 ms
                  
               </td>
               <td nowrap="true">
                   
                  
               </td>
            </tr>
            <tr>
               <td colspan="4" class="detailsBox">
                  <div id="com.qtpselenium.suiteB.Create_Guarantors_checkTestSkip_byClass_PASS1_details"
                       class="testMethodDetails">
                     <div>
                        <b>Name: </b>checkTestSkip
                     </div>
                     <div>
                        <b>Signature: </b>checkTestSkip()[pri:0, instance:com.qtpselenium.suiteB.Create_Guarantors@1fd60031]
                     </div>
                     <div>
                        <b>Start time: </b>06:51:22
                     </div>
                     <div>
                        <b>End time: </b>06:51:22
                     </div>
                     <div>
                        <b>Duration: </b>1 ms
                        
                     </div>
                  </div>
               </td>
            </tr>
            <tr></tr>
            <tr id="com.qtpselenium.suiteB.Create_Guarantors_Guarantors_byClass_PASS2_row"
                class="testMethodStatusPASS">
               <td width="100%" class="firstMethodCell">
                  <a onclick="toggleDetailsVisibility('com.qtpselenium.suiteB.Create_Guarantors_Guarantors_byClass_PASS2_details')">Guarantors(John
                     
                     ,
                     
                     Ch
                     
                     ,
                     
                     Christian)
                  </a>
               </td>
               <td nowrap="true">06:51:22</td>
               <td nowrap="true" align="right">22s
                  
               </td>
               <td nowrap="true">
                   
                  
               </td>
            </tr>
            <tr>
               <td colspan="4" class="detailsBox">
                  <div id="com.qtpselenium.suiteB.Create_Guarantors_Guarantors_byClass_PASS2_details"
                       class="testMethodDetails">
                     <div>
                        <b>Name: </b>Guarantors
                     </div>
                     <div>
                        <b>Signature: </b>Guarantors(java.lang.String, java.lang.String, java.lang.String)[pri:0, instance:com.qtpselenium.suiteB.Create_Guarantors@1fd60031]
                     </div>
                     <div>
                        <b>Parameters: </b>
                        
                        John
                        
                        ,
                        
                        Ch
                        
                        ,
                        
                        Christian
                        
                        
                     </div>
                     <div>
                        <b>Start time: </b>06:51:22
                     </div>
                     <div>
                        <b>End time: </b>06:51:44
                     </div>
                     <div>
                        <b>Duration: </b>22s
                        
                     </div>
                  </div>
               </td>
            </tr>
            <tr></tr>
            <tr id="com.qtpselenium.suiteB.Create_Guarantors_reportDataSetResult_byClass_PASS3_row"
                class="testMethodStatusPASS testMethodStatusCONF">
               <td width="100%" class="firstMethodCell">
                  <a onclick="toggleDetailsVisibility('com.qtpselenium.suiteB.Create_Guarantors_reportDataSetResult_byClass_PASS3_details')">reportDataSetResult()</a>
               </td>
               <td nowrap="true">06:51:45</td>
               <td nowrap="true" align="right">48 ms
                  
               </td>
               <td nowrap="true">
                   
                  
               </td>
            </tr>
            <tr>
               <td colspan="4" class="detailsBox">
                  <div id="com.qtpselenium.suiteB.Create_Guarantors_reportDataSetResult_byClass_PASS3_details"
                       class="testMethodDetails">
                     <div>
                        <b>Name: </b>reportDataSetResult
                     </div>
                     <div>
                        <b>Signature: </b>reportDataSetResult()[pri:0, instance:com.qtpselenium.suiteB.Create_Guarantors@1fd60031]
                     </div>
                     <div>
                        <b>Start time: </b>06:51:45
                     </div>
                     <div>
                        <b>End time: </b>06:51:45
                     </div>
                     <div>
                        <b>Duration: </b>48 ms
                        
                     </div>
                  </div>
               </td>
            </tr>
            <tr></tr>
            <tr id="com.qtpselenium.suiteB.Create_Guarantors_reportTestResult_byClass_PASS4_row"
                class="testMethodStatusPASS testMethodStatusCONF">
               <td width="100%" class="firstMethodCell">
                  <a onclick="toggleDetailsVisibility('com.qtpselenium.suiteB.Create_Guarantors_reportTestResult_byClass_PASS4_details')">reportTestResult()</a>
               </td>
               <td nowrap="true">06:51:45</td>
               <td nowrap="true" align="right">41 ms
                  
               </td>
               <td nowrap="true">
                   
                  
               </td>
            </tr>
            <tr>
               <td colspan="4" class="detailsBox">
                  <div id="com.qtpselenium.suiteB.Create_Guarantors_reportTestResult_byClass_PASS4_details"
                       class="testMethodDetails">
                     <div>
                        <b>Name: </b>reportTestResult
                     </div>
                     <div>
                        <b>Signature: </b>reportTestResult()[pri:0, instance:com.qtpselenium.suiteB.Create_Guarantors@1fd60031]
                     </div>
                     <div>
                        <b>Start time: </b>06:51:45
                     </div>
                     <div>
                        <b>End time: </b>06:51:45
                     </div>
                     <div>
                        <b>Duration: </b>41 ms
                        
                     </div>
                  </div>
               </td>
            </tr>
            <tr></tr>
         </table>
         <br></br>
      </div>
      <div style="margin-top: 15px; color: gray; text-align: center; font-size: 9px;">
         Generated with
         
         <a href="http://code.google.com/p/testng-xslt/" style="color: #8888aa;"
            target="_blank">
            TestNG XSLT
            
         </a>
      </div>
   </body>
</html>