<?xml version="1.0" encoding="UTF-8"?>
<!-- Generated by org.testng.reporters.JUnitXMLReporter -->
<testsuite hostname="ATLANTISPC-274" name="Test C2" tests="1" failures="0" timestamp="30 Aug 2016 10:54:19 GMT" time="0.001" errors="0">
  <testcase name="@BeforeSuite checkSuiteSkip" time="0.0" classname="com.qtpselenium.suiteC.TestCase_C2">
    <skipped/>
  </testcase> <!-- @BeforeSuite checkSuiteSkip -->
  <testcase name="@BeforeTest checkTestSkip" time="0.0" classname="com.qtpselenium.suiteC.TestCase_C2">
    <skipped/>
  </testcase> <!-- @BeforeTest checkTestSkip -->
  <testcase name="testcaseC2" time="0.0" classname="com.qtpselenium.suiteC.TestCase_C2">
    <skipped/>
  </testcase> <!-- testcaseC2 -->
</testsuite> <!-- Test C2 -->
