<?xml version="1.0" encoding="UTF-8"?>
<!-- Generated by org.testng.reporters.JUnitXMLReporter -->
<testsuite hostname="ATLANTISPC-274" name="Additional_information" tests="3" failures="1" timestamp="5 Aug 2016 14:39:49 GMT" time="55.164" errors="0">
  <testcase name="additional_information" time="51.386" classname="com.qtpselenium.suiteA.Additional_information">
    <skipped/>
  </testcase> <!-- additional_information -->
  <testcase name="additional_information" time="0.001" classname="com.qtpselenium.suiteA.Additional_information">
    <failure type="java.lang.ArrayIndexOutOfBoundsException" message="1">
      <![CDATA[java.lang.ArrayIndexOutOfBoundsException: 1
	at com.qtpselenium.suiteA.Additional_information.additional_information(Additional_information.java:51)
... Removed 25 stack frames]]>
    </failure>
  </testcase> <!-- additional_information -->
  <testcase name="additional_information" time="0.001" classname="com.qtpselenium.suiteA.Additional_information">
    <failure type="java.lang.ArrayIndexOutOfBoundsException" message="2">
      <![CDATA[java.lang.ArrayIndexOutOfBoundsException: 2
	at com.qtpselenium.suiteA.Additional_information.additional_information(Additional_information.java:51)
... Removed 25 stack frames]]>
    </failure>
  </testcase> <!-- additional_information -->
</testsuite> <!-- Additional_information -->
