<?xml version="1.0" encoding="UTF-8"?>
<!-- Generated by org.testng.reporters.JUnitXMLReporter -->
<testsuite hostname="ATLANTISPC-274" name="Login_10E" tests="4" failures="0" timestamp="5 Aug 2016 14:34:28 GMT" time="32.455" errors="0">
  <testcase name="testcaseA1" time="0.003" classname="com.qtpselenium.suiteA.Login_10E">
    <skipped/>
  </testcase> <!-- testcaseA1 -->
  <testcase name="testcaseA1" time="28.992" classname="com.qtpselenium.suiteA.Login_10E"/>
  <testcase name="testcaseA1" time="0.001" classname="com.qtpselenium.suiteA.Login_10E">
    <skipped/>
  </testcase> <!-- testcaseA1 -->
  <testcase name="testcaseA1" time="0.002" classname="com.qtpselenium.suiteA.Login_10E">
    <skipped/>
  </testcase> <!-- testcaseA1 -->
</testsuite> <!-- Login_10E -->
