<?xml version="1.0" encoding="UTF-8"?>
<!-- Generated by org.testng.reporters.JUnitXMLReporter -->
<testsuite hostname="ATLANTISPC-274" name="Login_10E" tests="4" failures="0" timestamp="16 Aug 2016 12:20:53 GMT" time="107.521" errors="0">
  <testcase name="login_10E" time="0.003" classname="com.qtpselenium.suiteA.Login_10E">
    <skipped/>
  </testcase> <!-- login_10E -->
  <testcase name="login_10E" time="98.864" classname="com.qtpselenium.suiteA.Login_10E"/>
  <testcase name="login_10E" time="0.001" classname="com.qtpselenium.suiteA.Login_10E">
    <skipped/>
  </testcase> <!-- login_10E -->
  <testcase name="login_10E" time="0.001" classname="com.qtpselenium.suiteA.Login_10E">
    <skipped/>
  </testcase> <!-- login_10E -->
</testsuite> <!-- Login_10E -->
