<?xml version="1.0" encoding="UTF-8"?>
<!-- Generated by org.testng.reporters.JUnitXMLReporter -->
<testsuite hostname="ATLANTISPC-274" name="New Patient" tests="4" failures="0" timestamp="5 Aug 2016 14:35:37 GMT" time="43.796" errors="0">
  <testcase name="new_Patient" time="0.001" classname="com.qtpselenium.suiteA.New_Patient">
    <skipped/>
  </testcase> <!-- new_Patient -->
  <testcase name="new_Patient" time="0.001" classname="com.qtpselenium.suiteA.New_Patient">
    <skipped/>
  </testcase> <!-- new_Patient -->
  <testcase name="new_Patient" time="41.445" classname="com.qtpselenium.suiteA.New_Patient"/>
  <testcase name="new_Patient" time="0.0" classname="com.qtpselenium.suiteA.New_Patient">
    <skipped/>
  </testcase> <!-- new_Patient -->
</testsuite> <!-- New Patient -->
