<?xml version="1.0" encoding="UTF-8"?>
<!-- Generated by org.testng.reporters.JUnitXMLReporter -->
<testsuite hostname="ATLANTISPC-274" name="patient_lookup" tests="2" failures="0" timestamp="5 Aug 2016 14:34:53 GMT" time="24.896" errors="0">
  <testcase name="Patient_lookup" time="23.086" classname="com.qtpselenium.suiteA.patient_lookup"/>
  <testcase name="Patient_lookup" time="0.001" classname="com.qtpselenium.suiteA.patient_lookup">
    <skipped/>
  </testcase> <!-- Patient_lookup -->
</testsuite> <!-- patient_lookup -->
