<?xml version="1.0" encoding="UTF-8"?>
<!-- Generated by org.testng.reporters.JUnitXMLReporter -->
<testsuite hostname="ATLANTISPC-274" name="patient_lookup" tests="2" failures="0" timestamp="16 Aug 2016 12:21:30 GMT" time="37.123" errors="0">
  <testcase name="Patient_lookup" time="34.619" classname="com.qtpselenium.suiteA.patient_lookup"/>
  <testcase name="Patient_lookup" time="0.0" classname="com.qtpselenium.suiteA.patient_lookup">
    <skipped/>
  </testcase> <!-- Patient_lookup -->
</testsuite> <!-- patient_lookup -->
