<?xml version="1.0" encoding="UTF-8"?>
<!-- Generated by org.testng.reporters.JUnitXMLReporter -->
<testsuite hostname="ATLANTISPC-274" name="Test A2" tests="2" failures="0" timestamp="5 Aug 2016 14:01:32 GMT" time="25.202" errors="0">
  <testcase name="testcaseA2" time="23.078" classname="com.qtpselenium.suiteA.patient_lookup"/>
  <testcase name="testcaseA2" time="0.001" classname="com.qtpselenium.suiteA.patient_lookup">
    <skipped/>
  </testcase> <!-- testcaseA2 -->
</testsuite> <!-- Test A2 -->
