<?xml version="1.0" encoding="UTF-8"?>
<testng-results skipped="0" failed="0" total="1" passed="1">
  <reporter-output>
  </reporter-output>
  <suite name="Default suite" duration-ms="37005" started-at="2016-09-07T14:59:01Z" finished-at="2016-09-07T14:59:38Z">
    <groups>
    </groups>
    <test name="Default test" duration-ms="37005" started-at="2016-09-07T14:59:01Z" finished-at="2016-09-07T14:59:38Z">
      <class name="com.qtpselenium.suiteB.Create_LabCompany">
        <test-method status="PASS" signature="checkSuiteSkip()[pri:0, instance:com.qtpselenium.suiteB.Create_LabCompany@740887b6]" name="checkSuiteSkip" is-config="true" duration-ms="766" started-at="2016-09-07T10:59:00Z" finished-at="2016-09-07T10:59:01Z">
          <reporter-output>
          </reporter-output>
        </test-method> <!-- checkSuiteSkip -->
        <test-method status="PASS" signature="checkTestSkip()[pri:0, instance:com.qtpselenium.suiteB.Create_LabCompany@740887b6]" name="checkTestSkip" is-config="true" duration-ms="2" started-at="2016-09-07T10:59:01Z" finished-at="2016-09-07T10:59:01Z">
          <reporter-output>
          </reporter-output>
        </test-method> <!-- checkTestSkip -->
        <test-method status="PASS" signature="create_LabCompany(java.lang.String, java.lang.String, java.lang.String, java.lang.String)[pri:0, instance:com.qtpselenium.suiteB.Create_LabCompany@740887b6]" name="create_LabCompany" duration-ms="36638" started-at="2016-09-07T10:59:01Z" data-provider="getTestData" finished-at="2016-09-07T10:59:38Z">
          <params>
            <param index="0">
              <value>
                <![CDATA[Test]]>
              </value>
            </param>
            <param index="1">
              <value>
                <![CDATA[Test]]>
              </value>
            </param>
            <param index="2">
              <value>
                <![CDATA[Test]]>
              </value>
            </param>
            <param index="3">
              <value>
                <![CDATA[Test]]>
              </value>
            </param>
          </params>
          <reporter-output>
          </reporter-output>
        </test-method> <!-- create_LabCompany -->
        <test-method status="PASS" signature="reportDataSetResult()[pri:0, instance:com.qtpselenium.suiteB.Create_LabCompany@740887b6]" name="reportDataSetResult" is-config="true" duration-ms="234" started-at="2016-09-07T10:59:38Z" finished-at="2016-09-07T10:59:38Z">
          <reporter-output>
          </reporter-output>
        </test-method> <!-- reportDataSetResult -->
        <test-method status="PASS" signature="reportTestResult()[pri:0, instance:com.qtpselenium.suiteB.Create_LabCompany@740887b6]" name="reportTestResult" is-config="true" duration-ms="106" started-at="2016-09-07T10:59:38Z" finished-at="2016-09-07T10:59:38Z">
          <reporter-output>
          </reporter-output>
        </test-method> <!-- reportTestResult -->
      </class> <!-- com.qtpselenium.suiteB.Create_LabCompany -->
    </test> <!-- Default test -->
  </suite> <!-- Default suite -->
</testng-results>
