<?xml version="1.0" encoding="UTF-8"?>
<!-- Generated by org.testng.reporters.JUnitXMLReporter -->
<testsuite hostname="ATLANTISPC-274" name="Appointment Creation" tests="1" failures="0" timestamp="8 Aug 2016 15:30:45 GMT" time="0.013" errors="0">
  <testcase name="@BeforeTest checkTestSkip" time="0.0" classname="com.qtpselenium.suiteB.Create_Appointment">
    <skipped/>
  </testcase> <!-- @BeforeTest checkTestSkip -->
  <testcase name="@AfterMethod reportDataSetResult" time="0.0" classname="com.qtpselenium.suiteB.Create_Appointment">
    <skipped/>
  </testcase> <!-- @AfterMethod reportDataSetResult -->
  <testcase name="@AfterTest reportTestResult" time="0.0" classname="com.qtpselenium.suiteB.Create_Appointment">
    <skipped/>
  </testcase> <!-- @AfterTest reportTestResult -->
  <testcase name="testcaseB1" time="0.0" classname="com.qtpselenium.suiteB.Create_Appointment">
    <skipped/>
  </testcase> <!-- testcaseB1 -->
</testsuite> <!-- Appointment Creation -->
