<?xml version="1.0" encoding="UTF-8"?>
<!-- Generated by org.testng.reporters.JUnitXMLReporter -->
<testsuite hostname="ATLANTISPC-274" name="Create CaseManager" tests="9" failures="0" timestamp="8 Aug 2016 15:21:26 GMT" time="79.863" errors="0">
  <testcase name="create_CaseManager" time="37.714" classname="com.qtpselenium.suiteB.Create_CaseManager"/>
  <testcase name="create_CaseManager" time="38.339" classname="com.qtpselenium.suiteB.Create_CaseManager"/>
  <testcase name="create_CaseManager" time="0.0" classname="com.qtpselenium.suiteB.Create_CaseManager">
    <skipped/>
  </testcase> <!-- create_CaseManager -->
  <testcase name="create_CaseManager" time="0.0" classname="com.qtpselenium.suiteB.Create_CaseManager">
    <skipped/>
  </testcase> <!-- create_CaseManager -->
  <testcase name="create_CaseManager" time="0.0" classname="com.qtpselenium.suiteB.Create_CaseManager">
    <skipped/>
  </testcase> <!-- create_CaseManager -->
  <testcase name="create_CaseManager" time="0.0" classname="com.qtpselenium.suiteB.Create_CaseManager">
    <skipped/>
  </testcase> <!-- create_CaseManager -->
  <testcase name="create_CaseManager" time="0.0" classname="com.qtpselenium.suiteB.Create_CaseManager">
    <skipped/>
  </testcase> <!-- create_CaseManager -->
  <testcase name="create_CaseManager" time="0.0" classname="com.qtpselenium.suiteB.Create_CaseManager">
    <skipped/>
  </testcase> <!-- create_CaseManager -->
  <testcase name="create_CaseManager" time="0.0" classname="com.qtpselenium.suiteB.Create_CaseManager">
    <skipped/>
  </testcase> <!-- create_CaseManager -->
</testsuite> <!-- Create CaseManager -->
