<?xml version="1.0" encoding="UTF-8"?>
<!-- Generated by org.testng.reporters.JUnitXMLReporter -->
<testsuite hostname="ATLANTISPC-274" name="Create_Employer" tests="2" failures="0" timestamp="8 Aug 2016 15:30:45 GMT" time="0.006" errors="0">
  <testcase name="@BeforeTest checkTestSkip" time="0.0" classname="com.qtpselenium.suiteB.Create_Employer">
    <skipped/>
  </testcase> <!-- @BeforeTest checkTestSkip -->
  <testcase name="@AfterMethod reportDataSetResult" time="0.0" classname="com.qtpselenium.suiteB.Create_Employer">
    <skipped/>
  </testcase> <!-- @AfterMethod reportDataSetResult -->
  <testcase name="@AfterMethod reportDataSetResult" time="0.0" classname="com.qtpselenium.suiteB.Create_Employer">
    <skipped/>
  </testcase> <!-- @AfterMethod reportDataSetResult -->
  <testcase name="@AfterTest reportTestResult" time="0.0" classname="com.qtpselenium.suiteB.Create_Employer">
    <skipped/>
  </testcase> <!-- @AfterTest reportTestResult -->
  <testcase name="create_employer" time="0.001" classname="com.qtpselenium.suiteB.Create_Employer">
    <skipped/>
  </testcase> <!-- create_employer -->
  <testcase name="create_employer" time="0.001" classname="com.qtpselenium.suiteB.Create_Employer">
    <skipped/>
  </testcase> <!-- create_employer -->
</testsuite> <!-- Create_Employer -->
