<?xml version="1.0" encoding="UTF-8"?>
<!-- Generated by org.testng.reporters.JUnitXMLReporter -->
<testsuite hostname="ATLANTISPC-274" name="Create Guarantor" tests="1" failures="0" timestamp="8 Aug 2016 15:30:45 GMT" time="0.003" errors="0">
  <testcase name="@BeforeTest checkTestSkip" time="0.0" classname="com.qtpselenium.suiteB.Create_Guarantors">
    <skipped/>
  </testcase> <!-- @BeforeTest checkTestSkip -->
  <testcase name="@AfterMethod reportDataSetResult" time="0.0" classname="com.qtpselenium.suiteB.Create_Guarantors">
    <skipped/>
  </testcase> <!-- @AfterMethod reportDataSetResult -->
  <testcase name="@AfterTest reportTestResult" time="0.0" classname="com.qtpselenium.suiteB.Create_Guarantors">
    <skipped/>
  </testcase> <!-- @AfterTest reportTestResult -->
  <testcase name="Guarantors" time="0.0" classname="com.qtpselenium.suiteB.Create_Guarantors">
    <skipped/>
  </testcase> <!-- Guarantors -->
</testsuite> <!-- Create Guarantor -->
