<?xml version="1.0" encoding="UTF-8"?>
<!-- Generated by org.testng.reporters.JUnitXMLReporter -->
<testsuite hostname="ATLANTISPC-274" name="Test B2" tests="2" failures="0" timestamp="5 Aug 2016 14:42:33 GMT" time="27.02" errors="0">
  <testcase name="create_employer" time="25.165" classname="com.qtpselenium.suiteB.Create_Employer"/>
  <testcase name="create_employer" time="0.0" classname="com.qtpselenium.suiteB.Create_Employer">
    <skipped/>
  </testcase> <!-- create_employer -->
</testsuite> <!-- Test B2 -->
